<html>
<head>
<title>TestNG:  RwireTest</title>
<link href="../testng.css" rel="stylesheet" type="text/css" />
<link href="../my-testng.css" rel="stylesheet" type="text/css" />

<style type="text/css">
.log { display: none;} 
.stack-trace { display: none;} 
</style>
<script type="text/javascript">
<!--
function flip(e) {
  current = e.style.display;
  if (current == 'block') {
    e.style.display = 'none';
    return 0;
  }
  else {
    e.style.display = 'block';
    return 1;
  }
}

function toggleBox(szDivId, elem, msg1, msg2)
{
  var res = -1;  if (document.getElementById) {
    res = flip(document.getElementById(szDivId));
  }
  else if (document.all) {
    // this is the way old msie versions work
    res = flip(document.all[szDivId]);
  }
  if(elem) {
    if(res == 0) elem.innerHTML = msg1; else elem.innerHTML = msg2;
  }

}

function toggleAllBoxes() {
  if (document.getElementsByTagName) {
    d = document.getElementsByTagName('div');
    for (i = 0; i < d.length; i++) {
      if (d[i].className == 'log') {
        flip(d[i]);
      }
    }
  }
}

// -->
</script>

</head>
<body>
<h2 align='center'>RwireTest</h2><table border='1' align="center">
<tr>
<td>Tests passed/Failed/Skipped:</td><td>116/10/0</td>
</tr><tr>
<td>Started on:</td><td>Mon Feb 05 15:26:59 IST 2024</td>
</tr>
<tr><td>Total time:</td><td>1833 seconds (1833347 ms)</td>
</tr><tr>
<td>Included groups:</td><td></td>
</tr><tr>
<td>Excluded groups:</td><td></td>
</tr>
</table><p/>
<small><i>(Hover the method name to see the test class name)</i></small><p/>
<table width='100%' border='1' class='invocation-failed'>
<tr><td colspan='4' align='center'><b>FAILED TESTS</b></td></tr>
<tr><td><b>Test method</b></td>
<td><b>Attribute(s)</b></td>
<td width="30%"><b>Exception</b></td>
<td width="10%"><b>Time (seconds)</b></td>
<td><b>Instance</b></td>
</tr>
<tr>
<td title='com.rwire.testCases.TC_ExpertNumbersTest_007.ProvisionalAppNoTest()'><b>ProvisionalAppNoTest</b><br>Test class: com.rwire.testCases.TC_ExpertNumbersTest_007</td>
<td><div><pre>java.lang.AssertionError: expected [true] but found [false]
	at com.rwire.testCases.TC_ExpertNumbersTest_007.ProvisionalAppNoTest(TC_ExpertNumbersTest_007.java:244)
	at java.base/java.util.ArrayList.forEach(ArrayList.java:1511)
... Removed 31 stack frames</pre></div><a href='#' onClick='toggleBox("stack-trace1345063038", this, "Click to show all stack frames", "Click to hide stack frames")'>Click to show all stack frames</a>
<div class='stack-trace' id='stack-trace1345063038'><pre>java.lang.AssertionError: expected [true] but found [false]
	at org.testng.Assert.fail(Assert.java:110)
	at org.testng.Assert.failNotEquals(Assert.java:1577)
	at org.testng.Assert.assertTrue(Assert.java:56)
	at org.testng.Assert.assertTrue(Assert.java:66)
	at com.rwire.testCases.TC_ExpertNumbersTest_007.ProvisionalAppNoTest(TC_ExpertNumbersTest_007.java:244)
	at java.base/jdk.internal.reflect.NativeMethodAccessorImpl.invoke0(Native Method)
	at java.base/jdk.internal.reflect.NativeMethodAccessorImpl.invoke(NativeMethodAccessorImpl.java:77)
	at java.base/jdk.internal.reflect.DelegatingMethodAccessorImpl.invoke(DelegatingMethodAccessorImpl.java:43)
	at java.base/java.lang.reflect.Method.invoke(Method.java:568)
	at org.testng.internal.invokers.MethodInvocationHelper.invokeMethod(MethodInvocationHelper.java:139)
	at org.testng.internal.invokers.TestInvoker.invokeMethod(TestInvoker.java:677)
	at org.testng.internal.invokers.TestInvoker.invokeTestMethod(TestInvoker.java:221)
	at org.testng.internal.invokers.MethodRunner.runInSequence(MethodRunner.java:50)
	at org.testng.internal.invokers.TestInvoker$MethodInvocationAgent.invoke(TestInvoker.java:969)
	at org.testng.internal.invokers.TestInvoker.invokeTestMethods(TestInvoker.java:194)
	at org.testng.internal.invokers.TestMethodWorker.invokeTestMethods(TestMethodWorker.java:148)
	at org.testng.internal.invokers.TestMethodWorker.run(TestMethodWorker.java:128)
	at java.base/java.util.ArrayList.forEach(ArrayList.java:1511)
	at org.testng.TestRunner.privateRun(TestRunner.java:829)
	at org.testng.TestRunner.run(TestRunner.java:602)
	at org.testng.SuiteRunner.runTest(SuiteRunner.java:437)
	at org.testng.SuiteRunner.runSequentially(SuiteRunner.java:431)
	at org.testng.SuiteRunner.privateRun(SuiteRunner.java:391)
	at org.testng.SuiteRunner.run(SuiteRunner.java:330)
	at org.testng.SuiteRunnerWorker.runSuite(SuiteRunnerWorker.java:52)
	at org.testng.SuiteRunnerWorker.run(SuiteRunnerWorker.java:95)
	at org.testng.TestNG.runSuitesSequentially(TestNG.java:1256)
	at org.testng.TestNG.runSuitesLocally(TestNG.java:1176)
	at org.testng.TestNG.runSuites(TestNG.java:1099)
	at org.testng.TestNG.run(TestNG.java:1067)
	at org.testng.remote.AbstractRemoteTestNG.run(AbstractRemoteTestNG.java:115)
	at org.testng.remote.RemoteTestNG.initAndRun(RemoteTestNG.java:251)
	at org.testng.remote.RemoteTestNG.main(RemoteTestNG.java:77)
</pre></div></td>
<td>8</td>
<td>com.rwire.testCases.TC_ExpertNumbersTest_007@3c0be339</td></tr>
<tr>
<td title='com.rwire.testCases.TC_DesignatedStatesPCT.NewDesCountryPCT()'><b>NewDesCountryPCT</b><br>Test class: com.rwire.testCases.TC_DesignatedStatesPCT</td>
<td><div><pre>java.lang.AssertionError: expected [true] but found [false]
	at com.rwire.testCases.TC_DesignatedStatesPCT.NewDesCountryPCT(TC_DesignatedStatesPCT.java:245)
	at java.base/java.util.ArrayList.forEach(ArrayList.java:1511)
... Removed 31 stack frames</pre></div><a href='#' onClick='toggleBox("stack-trace3743274", this, "Click to show all stack frames", "Click to hide stack frames")'>Click to show all stack frames</a>
<div class='stack-trace' id='stack-trace3743274'><pre>java.lang.AssertionError: expected [true] but found [false]
	at org.testng.Assert.fail(Assert.java:110)
	at org.testng.Assert.failNotEquals(Assert.java:1577)
	at org.testng.Assert.assertTrue(Assert.java:56)
	at org.testng.Assert.assertTrue(Assert.java:66)
	at com.rwire.testCases.TC_DesignatedStatesPCT.NewDesCountryPCT(TC_DesignatedStatesPCT.java:245)
	at java.base/jdk.internal.reflect.NativeMethodAccessorImpl.invoke0(Native Method)
	at java.base/jdk.internal.reflect.NativeMethodAccessorImpl.invoke(NativeMethodAccessorImpl.java:77)
	at java.base/jdk.internal.reflect.DelegatingMethodAccessorImpl.invoke(DelegatingMethodAccessorImpl.java:43)
	at java.base/java.lang.reflect.Method.invoke(Method.java:568)
	at org.testng.internal.invokers.MethodInvocationHelper.invokeMethod(MethodInvocationHelper.java:139)
	at org.testng.internal.invokers.TestInvoker.invokeMethod(TestInvoker.java:677)
	at org.testng.internal.invokers.TestInvoker.invokeTestMethod(TestInvoker.java:221)
	at org.testng.internal.invokers.MethodRunner.runInSequence(MethodRunner.java:50)
	at org.testng.internal.invokers.TestInvoker$MethodInvocationAgent.invoke(TestInvoker.java:969)
	at org.testng.internal.invokers.TestInvoker.invokeTestMethods(TestInvoker.java:194)
	at org.testng.internal.invokers.TestMethodWorker.invokeTestMethods(TestMethodWorker.java:148)
	at org.testng.internal.invokers.TestMethodWorker.run(TestMethodWorker.java:128)
	at java.base/java.util.ArrayList.forEach(ArrayList.java:1511)
	at org.testng.TestRunner.privateRun(TestRunner.java:829)
	at org.testng.TestRunner.run(TestRunner.java:602)
	at org.testng.SuiteRunner.runTest(SuiteRunner.java:437)
	at org.testng.SuiteRunner.runSequentially(SuiteRunner.java:431)
	at org.testng.SuiteRunner.privateRun(SuiteRunner.java:391)
	at org.testng.SuiteRunner.run(SuiteRunner.java:330)
	at org.testng.SuiteRunnerWorker.runSuite(SuiteRunnerWorker.java:52)
	at org.testng.SuiteRunnerWorker.run(SuiteRunnerWorker.java:95)
	at org.testng.TestNG.runSuitesSequentially(TestNG.java:1256)
	at org.testng.TestNG.runSuitesLocally(TestNG.java:1176)
	at org.testng.TestNG.runSuites(TestNG.java:1099)
	at org.testng.TestNG.run(TestNG.java:1067)
	at org.testng.remote.AbstractRemoteTestNG.run(AbstractRemoteTestNG.java:115)
	at org.testng.remote.RemoteTestNG.initAndRun(RemoteTestNG.java:251)
	at org.testng.remote.RemoteTestNG.main(RemoteTestNG.java:77)
</pre></div></td>
<td>9</td>
<td>com.rwire.testCases.TC_DesignatedStatesPCT@68267da0</td></tr>
<tr>
<td title='com.rwire.testCases.TC_ExpertOthersTest_10.RelationalDocTest()'><b>RelationalDocTest</b><br>Test class: com.rwire.testCases.TC_ExpertOthersTest_10</td>
<td><div><pre>java.lang.AssertionError: expected [true] but found [false]
	at com.rwire.testCases.TC_ExpertOthersTest_10.RelationalDocTest(TC_ExpertOthersTest_10.java:165)
	at java.base/java.util.ArrayList.forEach(ArrayList.java:1511)
... Removed 31 stack frames</pre></div><a href='#' onClick='toggleBox("stack-trace118566821", this, "Click to show all stack frames", "Click to hide stack frames")'>Click to show all stack frames</a>
<div class='stack-trace' id='stack-trace118566821'><pre>java.lang.AssertionError: expected [true] but found [false]
	at org.testng.Assert.fail(Assert.java:110)
	at org.testng.Assert.failNotEquals(Assert.java:1577)
	at org.testng.Assert.assertTrue(Assert.java:56)
	at org.testng.Assert.assertTrue(Assert.java:66)
	at com.rwire.testCases.TC_ExpertOthersTest_10.RelationalDocTest(TC_ExpertOthersTest_10.java:165)
	at java.base/jdk.internal.reflect.NativeMethodAccessorImpl.invoke0(Native Method)
	at java.base/jdk.internal.reflect.NativeMethodAccessorImpl.invoke(NativeMethodAccessorImpl.java:77)
	at java.base/jdk.internal.reflect.DelegatingMethodAccessorImpl.invoke(DelegatingMethodAccessorImpl.java:43)
	at java.base/java.lang.reflect.Method.invoke(Method.java:568)
	at org.testng.internal.invokers.MethodInvocationHelper.invokeMethod(MethodInvocationHelper.java:139)
	at org.testng.internal.invokers.TestInvoker.invokeMethod(TestInvoker.java:677)
	at org.testng.internal.invokers.TestInvoker.invokeTestMethod(TestInvoker.java:221)
	at org.testng.internal.invokers.MethodRunner.runInSequence(MethodRunner.java:50)
	at org.testng.internal.invokers.TestInvoker$MethodInvocationAgent.invoke(TestInvoker.java:969)
	at org.testng.internal.invokers.TestInvoker.invokeTestMethods(TestInvoker.java:194)
	at org.testng.internal.invokers.TestMethodWorker.invokeTestMethods(TestMethodWorker.java:148)
	at org.testng.internal.invokers.TestMethodWorker.run(TestMethodWorker.java:128)
	at java.base/java.util.ArrayList.forEach(ArrayList.java:1511)
	at org.testng.TestRunner.privateRun(TestRunner.java:829)
	at org.testng.TestRunner.run(TestRunner.java:602)
	at org.testng.SuiteRunner.runTest(SuiteRunner.java:437)
	at org.testng.SuiteRunner.runSequentially(SuiteRunner.java:431)
	at org.testng.SuiteRunner.privateRun(SuiteRunner.java:391)
	at org.testng.SuiteRunner.run(SuiteRunner.java:330)
	at org.testng.SuiteRunnerWorker.runSuite(SuiteRunnerWorker.java:52)
	at org.testng.SuiteRunnerWorker.run(SuiteRunnerWorker.java:95)
	at org.testng.TestNG.runSuitesSequentially(TestNG.java:1256)
	at org.testng.TestNG.runSuitesLocally(TestNG.java:1176)
	at org.testng.TestNG.runSuites(TestNG.java:1099)
	at org.testng.TestNG.run(TestNG.java:1067)
	at org.testng.remote.AbstractRemoteTestNG.run(AbstractRemoteTestNG.java:115)
	at org.testng.remote.RemoteTestNG.initAndRun(RemoteTestNG.java:251)
	at org.testng.remote.RemoteTestNG.main(RemoteTestNG.java:77)
</pre></div></td>
<td>8</td>
<td>com.rwire.testCases.TC_ExpertOthersTest_10@6e509ffa</td></tr>
<tr>
<td title='com.resultspage.testCases.TC_TableTest.AddColumnsTest1()'><b>AddColumnsTest1</b><br>Test class: com.resultspage.testCases.TC_TableTest</td>
<td><div><pre>org.openqa.selenium.NoSuchElementException: no such element: Unable to locate element: {&quot;method&quot;:&quot;xpath&quot;,&quot;selector&quot;:&quot;//input[@data-value=&apos;Expiry Date&apos;]&quot;}
  (Session info: chrome=121.0.6167.140)
For documentation on this error, please visit: https://selenium.dev/exceptions/#no_such_element
Build info: version: &apos;4.8.3&apos;, revision: &apos;e5e76298c3&apos;
System info: os.name: &apos;Windows 11&apos;, os.arch: &apos;amd64&apos;, os.version: &apos;10.0&apos;, java.version: &apos;17.0.4.1&apos;
Driver info: org.openqa.selenium.chrome.ChromeDriver
Command: [527492af790a23d544a1d21394f6229e, findElement {using=xpath, value=//input[@data-value=&apos;Expiry Date&apos;]}]
Capabilities {acceptInsecureCerts: false, browserName: chrome, browserVersion: 121.0.6167.140, chrome: {chromedriverVersion: 121.0.6167.85 (3f98d690ad7e..., userDataDir: C:\Users\MAHESH~1\AppData\L...}, fedcm:accounts: true, goog:chromeOptions: {debuggerAddress: localhost:62909}, networkConnectionEnabled: false, pageLoadStrategy: normal, platformName: WINDOWS, proxy: Proxy(), se:cdp: ws://localhost:62909/devtoo..., se:cdpVersion: 121.0.6167.140, setWindowRect: true, strictFileInteractability: false, timeouts: {implicit: 0, pageLoad: 300000, script: 30000}, unhandledPromptBehavior: dismiss and notify, webauthn:extension:credBlob: true, webauthn:extension:largeBlob: true, webauthn:extension:minPinLength: true, webauthn:extension:prf: true, webauthn:virtualAuthenticators: true}
Session ID: 527492af790a23d544a1d21394f6229e
	at org.openqa.selenium.remote.codec.w3c.W3CHttpResponseCodec.createException(W3CHttpResponseCodec.java:200)
	at org.openqa.selenium.remote.codec.w3c.W3CHttpResponseCodec.decode(W3CHttpResponseCodec.java:133)
	at org.openqa.selenium.remote.codec.w3c.W3CHttpResponseCodec.decode(W3CHttpResponseCodec.java:53)
	at org.openqa.selenium.remote.HttpCommandExecutor.execute(HttpCommandExecutor.java:193)
	at org.openqa.selenium.remote.service.DriverCommandExecutor.invokeExecute(DriverCommandExecutor.java:183)
	at org.openqa.selenium.remote.service.DriverCommandExecutor.execute(DriverCommandExecutor.java:158)
	at org.openqa.selenium.remote.RemoteWebDriver.execute(RemoteWebDriver.java:543)
	at org.openqa.selenium.remote.ElementLocation$ElementFinder$2.findElement(ElementLocation.java:162)
	at org.openqa.selenium.remote.ElementLocation.findElement(ElementLocation.java:60)
	at org.openqa.selenium.remote.RemoteWebDriver.findElement(RemoteWebDriver.java:352)
	at org.openqa.selenium.remote.RemoteWebDriver.findElement(RemoteWebDriver.java:344)
	at com.resultspage.testCases.TC_TableTest.AddColumnsTest1(TC_TableTest.java:47)
	at java.base/java.util.ArrayList.forEach(ArrayList.java:1511)
... Removed 32 stack frames</pre></div><a href='#' onClick='toggleBox("stack-trace997588432", this, "Click to show all stack frames", "Click to hide stack frames")'>Click to show all stack frames</a>
<div class='stack-trace' id='stack-trace997588432'><pre>org.openqa.selenium.NoSuchElementException: no such element: Unable to locate element: {&quot;method&quot;:&quot;xpath&quot;,&quot;selector&quot;:&quot;//input[@data-value=&apos;Expiry Date&apos;]&quot;}
  (Session info: chrome=121.0.6167.140)
For documentation on this error, please visit: https://selenium.dev/exceptions/#no_such_element
Build info: version: &apos;4.8.3&apos;, revision: &apos;e5e76298c3&apos;
System info: os.name: &apos;Windows 11&apos;, os.arch: &apos;amd64&apos;, os.version: &apos;10.0&apos;, java.version: &apos;17.0.4.1&apos;
Driver info: org.openqa.selenium.chrome.ChromeDriver
Command: [527492af790a23d544a1d21394f6229e, findElement {using=xpath, value=//input[@data-value=&apos;Expiry Date&apos;]}]
Capabilities {acceptInsecureCerts: false, browserName: chrome, browserVersion: 121.0.6167.140, chrome: {chromedriverVersion: 121.0.6167.85 (3f98d690ad7e..., userDataDir: C:\Users\MAHESH~1\AppData\L...}, fedcm:accounts: true, goog:chromeOptions: {debuggerAddress: localhost:62909}, networkConnectionEnabled: false, pageLoadStrategy: normal, platformName: WINDOWS, proxy: Proxy(), se:cdp: ws://localhost:62909/devtoo..., se:cdpVersion: 121.0.6167.140, setWindowRect: true, strictFileInteractability: false, timeouts: {implicit: 0, pageLoad: 300000, script: 30000}, unhandledPromptBehavior: dismiss and notify, webauthn:extension:credBlob: true, webauthn:extension:largeBlob: true, webauthn:extension:minPinLength: true, webauthn:extension:prf: true, webauthn:virtualAuthenticators: true}
Session ID: 527492af790a23d544a1d21394f6229e
	at java.base/jdk.internal.reflect.NativeConstructorAccessorImpl.newInstance0(Native Method)
	at java.base/jdk.internal.reflect.NativeConstructorAccessorImpl.newInstance(NativeConstructorAccessorImpl.java:77)
	at java.base/jdk.internal.reflect.DelegatingConstructorAccessorImpl.newInstance(DelegatingConstructorAccessorImpl.java:45)
	at java.base/java.lang.reflect.Constructor.newInstanceWithCaller(Constructor.java:499)
	at java.base/java.lang.reflect.Constructor.newInstance(Constructor.java:480)
	at org.openqa.selenium.remote.codec.w3c.W3CHttpResponseCodec.createException(W3CHttpResponseCodec.java:200)
	at org.openqa.selenium.remote.codec.w3c.W3CHttpResponseCodec.decode(W3CHttpResponseCodec.java:133)
	at org.openqa.selenium.remote.codec.w3c.W3CHttpResponseCodec.decode(W3CHttpResponseCodec.java:53)
	at org.openqa.selenium.remote.HttpCommandExecutor.execute(HttpCommandExecutor.java:193)
	at org.openqa.selenium.remote.service.DriverCommandExecutor.invokeExecute(DriverCommandExecutor.java:183)
	at org.openqa.selenium.remote.service.DriverCommandExecutor.execute(DriverCommandExecutor.java:158)
	at org.openqa.selenium.remote.RemoteWebDriver.execute(RemoteWebDriver.java:543)
	at org.openqa.selenium.remote.ElementLocation$ElementFinder$2.findElement(ElementLocation.java:162)
	at org.openqa.selenium.remote.ElementLocation.findElement(ElementLocation.java:60)
	at org.openqa.selenium.remote.RemoteWebDriver.findElement(RemoteWebDriver.java:352)
	at org.openqa.selenium.remote.RemoteWebDriver.findElement(RemoteWebDriver.java:344)
	at com.resultspage.testCases.TC_TableTest.AddColumnsTest1(TC_TableTest.java:47)
	at java.base/jdk.internal.reflect.NativeMethodAccessorImpl.invoke0(Native Method)
	at java.base/jdk.internal.reflect.NativeMethodAccessorImpl.invoke(NativeMethodAccessorImpl.java:77)
	at java.base/jdk.internal.reflect.DelegatingMethodAccessorImpl.invoke(DelegatingMethodAccessorImpl.java:43)
	at java.base/java.lang.reflect.Method.invoke(Method.java:568)
	at org.testng.internal.invokers.MethodInvocationHelper.invokeMethod(MethodInvocationHelper.java:139)
	at org.testng.internal.invokers.TestInvoker.invokeMethod(TestInvoker.java:677)
	at org.testng.internal.invokers.TestInvoker.invokeTestMethod(TestInvoker.java:221)
	at org.testng.internal.invokers.MethodRunner.runInSequence(MethodRunner.java:50)
	at org.testng.internal.invokers.TestInvoker$MethodInvocationAgent.invoke(TestInvoker.java:969)
	at org.testng.internal.invokers.TestInvoker.invokeTestMethods(TestInvoker.java:194)
	at org.testng.internal.invokers.TestMethodWorker.invokeTestMethods(TestMethodWorker.java:148)
	at org.testng.internal.invokers.TestMethodWorker.run(TestMethodWorker.java:128)
	at java.base/java.util.ArrayList.forEach(ArrayList.java:1511)
	at org.testng.TestRunner.privateRun(TestRunner.java:829)
	at org.testng.TestRunner.run(TestRunner.java:602)
	at org.testng.SuiteRunner.runTest(SuiteRunner.java:437)
	at org.testng.SuiteRunner.runSequentially(SuiteRunner.java:431)
	at org.testng.SuiteRunner.privateRun(SuiteRunner.java:391)
	at org.testng.SuiteRunner.run(SuiteRunner.java:330)
	at org.testng.SuiteRunnerWorker.runSuite(SuiteRunnerWorker.java:52)
	at org.testng.SuiteRunnerWorker.run(SuiteRunnerWorker.java:95)
	at org.testng.TestNG.runSuitesSequentially(TestNG.java:1256)
	at org.testng.TestNG.runSuitesLocally(TestNG.java:1176)
	at org.testng.TestNG.runSuites(TestNG.java:1099)
	at org.testng.TestNG.run(TestNG.java:1067)
	at org.testng.remote.AbstractRemoteTestNG.run(AbstractRemoteTestNG.java:115)
	at org.testng.remote.RemoteTestNG.initAndRun(RemoteTestNG.java:251)
	at org.testng.remote.RemoteTestNG.main(RemoteTestNG.java:77)
</pre></div></td>
<td>27</td>
<td>com.resultspage.testCases.TC_TableTest@6a03bcb1</td></tr>
<tr>
<td title='com.resultspage.testCases.TC_TableTest.AddColumnsTest2()'><b>AddColumnsTest2</b><br>Test class: com.resultspage.testCases.TC_TableTest</td>
<td><div><pre>org.openqa.selenium.StaleElementReferenceException: stale element reference: stale element not found
  (Session info: chrome=121.0.6167.140)
For documentation on this error, please visit: https://selenium.dev/exceptions/#stale_element_reference
Build info: version: &apos;4.8.3&apos;, revision: &apos;e5e76298c3&apos;
System info: os.name: &apos;Windows 11&apos;, os.arch: &apos;amd64&apos;, os.version: &apos;10.0&apos;, java.version: &apos;17.0.4.1&apos;
Driver info: org.openqa.selenium.chrome.ChromeDriver
Command: [527492af790a23d544a1d21394f6229e, clickElement {id=9E1ECD2CC1E9FD7C5C78ABAF3291389B_element_787}]
Capabilities {acceptInsecureCerts: false, browserName: chrome, browserVersion: 121.0.6167.140, chrome: {chromedriverVersion: 121.0.6167.85 (3f98d690ad7e..., userDataDir: C:\Users\MAHESH~1\AppData\L...}, fedcm:accounts: true, goog:chromeOptions: {debuggerAddress: localhost:62909}, networkConnectionEnabled: false, pageLoadStrategy: normal, platformName: WINDOWS, proxy: Proxy(), se:cdp: ws://localhost:62909/devtoo..., se:cdpVersion: 121.0.6167.140, setWindowRect: true, strictFileInteractability: false, timeouts: {implicit: 0, pageLoad: 300000, script: 30000}, unhandledPromptBehavior: dismiss and notify, webauthn:extension:credBlob: true, webauthn:extension:largeBlob: true, webauthn:extension:minPinLength: true, webauthn:extension:prf: true, webauthn:virtualAuthenticators: true}
Element: [[ChromeDriver: chrome on WINDOWS (527492af790a23d544a1d21394f6229e)] -&gt; xpath: //input[@data-value=&apos;cpc&apos;]]
Session ID: 527492af790a23d544a1d21394f6229e
	at org.openqa.selenium.remote.codec.w3c.W3CHttpResponseCodec.createException(W3CHttpResponseCodec.java:200)
	at org.openqa.selenium.remote.codec.w3c.W3CHttpResponseCodec.decode(W3CHttpResponseCodec.java:133)
	at org.openqa.selenium.remote.codec.w3c.W3CHttpResponseCodec.decode(W3CHttpResponseCodec.java:53)
	at org.openqa.selenium.remote.HttpCommandExecutor.execute(HttpCommandExecutor.java:193)
	at org.openqa.selenium.remote.service.DriverCommandExecutor.invokeExecute(DriverCommandExecutor.java:183)
	at org.openqa.selenium.remote.service.DriverCommandExecutor.execute(DriverCommandExecutor.java:158)
	at org.openqa.selenium.remote.RemoteWebDriver.execute(RemoteWebDriver.java:543)
	at org.openqa.selenium.remote.RemoteWebElement.execute(RemoteWebElement.java:257)
	at org.openqa.selenium.remote.RemoteWebElement.click(RemoteWebElement.java:78)
	at com.resultspage.testCases.TC_TableTest.AddColumnsTest2(TC_TableTest.java:92)
	at java.base/java.util.ArrayList.forEach(ArrayList.java:1511)
... Removed 32 stack frames</pre></div><a href='#' onClick='toggleBox("stack-trace1065968124", this, "Click to show all stack frames", "Click to hide stack frames")'>Click to show all stack frames</a>
<div class='stack-trace' id='stack-trace1065968124'><pre>org.openqa.selenium.StaleElementReferenceException: stale element reference: stale element not found
  (Session info: chrome=121.0.6167.140)
For documentation on this error, please visit: https://selenium.dev/exceptions/#stale_element_reference
Build info: version: &apos;4.8.3&apos;, revision: &apos;e5e76298c3&apos;
System info: os.name: &apos;Windows 11&apos;, os.arch: &apos;amd64&apos;, os.version: &apos;10.0&apos;, java.version: &apos;17.0.4.1&apos;
Driver info: org.openqa.selenium.chrome.ChromeDriver
Command: [527492af790a23d544a1d21394f6229e, clickElement {id=9E1ECD2CC1E9FD7C5C78ABAF3291389B_element_787}]
Capabilities {acceptInsecureCerts: false, browserName: chrome, browserVersion: 121.0.6167.140, chrome: {chromedriverVersion: 121.0.6167.85 (3f98d690ad7e..., userDataDir: C:\Users\MAHESH~1\AppData\L...}, fedcm:accounts: true, goog:chromeOptions: {debuggerAddress: localhost:62909}, networkConnectionEnabled: false, pageLoadStrategy: normal, platformName: WINDOWS, proxy: Proxy(), se:cdp: ws://localhost:62909/devtoo..., se:cdpVersion: 121.0.6167.140, setWindowRect: true, strictFileInteractability: false, timeouts: {implicit: 0, pageLoad: 300000, script: 30000}, unhandledPromptBehavior: dismiss and notify, webauthn:extension:credBlob: true, webauthn:extension:largeBlob: true, webauthn:extension:minPinLength: true, webauthn:extension:prf: true, webauthn:virtualAuthenticators: true}
Element: [[ChromeDriver: chrome on WINDOWS (527492af790a23d544a1d21394f6229e)] -&gt; xpath: //input[@data-value=&apos;cpc&apos;]]
Session ID: 527492af790a23d544a1d21394f6229e
	at java.base/jdk.internal.reflect.NativeConstructorAccessorImpl.newInstance0(Native Method)
	at java.base/jdk.internal.reflect.NativeConstructorAccessorImpl.newInstance(NativeConstructorAccessorImpl.java:77)
	at java.base/jdk.internal.reflect.DelegatingConstructorAccessorImpl.newInstance(DelegatingConstructorAccessorImpl.java:45)
	at java.base/java.lang.reflect.Constructor.newInstanceWithCaller(Constructor.java:499)
	at java.base/java.lang.reflect.Constructor.newInstance(Constructor.java:480)
	at org.openqa.selenium.remote.codec.w3c.W3CHttpResponseCodec.createException(W3CHttpResponseCodec.java:200)
	at org.openqa.selenium.remote.codec.w3c.W3CHttpResponseCodec.decode(W3CHttpResponseCodec.java:133)
	at org.openqa.selenium.remote.codec.w3c.W3CHttpResponseCodec.decode(W3CHttpResponseCodec.java:53)
	at org.openqa.selenium.remote.HttpCommandExecutor.execute(HttpCommandExecutor.java:193)
	at org.openqa.selenium.remote.service.DriverCommandExecutor.invokeExecute(DriverCommandExecutor.java:183)
	at org.openqa.selenium.remote.service.DriverCommandExecutor.execute(DriverCommandExecutor.java:158)
	at org.openqa.selenium.remote.RemoteWebDriver.execute(RemoteWebDriver.java:543)
	at org.openqa.selenium.remote.RemoteWebElement.execute(RemoteWebElement.java:257)
	at org.openqa.selenium.remote.RemoteWebElement.click(RemoteWebElement.java:78)
	at com.resultspage.testCases.TC_TableTest.AddColumnsTest2(TC_TableTest.java:92)
	at java.base/jdk.internal.reflect.NativeMethodAccessorImpl.invoke0(Native Method)
	at java.base/jdk.internal.reflect.NativeMethodAccessorImpl.invoke(NativeMethodAccessorImpl.java:77)
	at java.base/jdk.internal.reflect.DelegatingMethodAccessorImpl.invoke(DelegatingMethodAccessorImpl.java:43)
	at java.base/java.lang.reflect.Method.invoke(Method.java:568)
	at org.testng.internal.invokers.MethodInvocationHelper.invokeMethod(MethodInvocationHelper.java:139)
	at org.testng.internal.invokers.TestInvoker.invokeMethod(TestInvoker.java:677)
	at org.testng.internal.invokers.TestInvoker.invokeTestMethod(TestInvoker.java:221)
	at org.testng.internal.invokers.MethodRunner.runInSequence(MethodRunner.java:50)
	at org.testng.internal.invokers.TestInvoker$MethodInvocationAgent.invoke(TestInvoker.java:969)
	at org.testng.internal.invokers.TestInvoker.invokeTestMethods(TestInvoker.java:194)
	at org.testng.internal.invokers.TestMethodWorker.invokeTestMethods(TestMethodWorker.java:148)
	at org.testng.internal.invokers.TestMethodWorker.run(TestMethodWorker.java:128)
	at java.base/java.util.ArrayList.forEach(ArrayList.java:1511)
	at org.testng.TestRunner.privateRun(TestRunner.java:829)
	at org.testng.TestRunner.run(TestRunner.java:602)
	at org.testng.SuiteRunner.runTest(SuiteRunner.java:437)
	at org.testng.SuiteRunner.runSequentially(SuiteRunner.java:431)
	at org.testng.SuiteRunner.privateRun(SuiteRunner.java:391)
	at org.testng.SuiteRunner.run(SuiteRunner.java:330)
	at org.testng.SuiteRunnerWorker.runSuite(SuiteRunnerWorker.java:52)
	at org.testng.SuiteRunnerWorker.run(SuiteRunnerWorker.java:95)
	at org.testng.TestNG.runSuitesSequentially(TestNG.java:1256)
	at org.testng.TestNG.runSuitesLocally(TestNG.java:1176)
	at org.testng.TestNG.runSuites(TestNG.java:1099)
	at org.testng.TestNG.run(TestNG.java:1067)
	at org.testng.remote.AbstractRemoteTestNG.run(AbstractRemoteTestNG.java:115)
	at org.testng.remote.RemoteTestNG.initAndRun(RemoteTestNG.java:251)
	at org.testng.remote.RemoteTestNG.main(RemoteTestNG.java:77)
</pre></div></td>
<td>13</td>
<td>com.resultspage.testCases.TC_TableTest@6a03bcb1</td></tr>
<tr>
<td title='com.resultspage.testCases.TC_TableTest.RemColumnsTest2()'><b>RemColumnsTest2</b><br>Test class: com.resultspage.testCases.TC_TableTest</td>
<td><div><pre>org.openqa.selenium.ElementNotInteractableException: element not interactable
  (Session info: chrome=121.0.6167.140)
Build info: version: &apos;4.8.3&apos;, revision: &apos;e5e76298c3&apos;
System info: os.name: &apos;Windows 11&apos;, os.arch: &apos;amd64&apos;, os.version: &apos;10.0&apos;, java.version: &apos;17.0.4.1&apos;
Driver info: org.openqa.selenium.chrome.ChromeDriver
Command: [527492af790a23d544a1d21394f6229e, clickElement {id=9E1ECD2CC1E9FD7C5C78ABAF3291389B_element_847}]
Capabilities {acceptInsecureCerts: false, browserName: chrome, browserVersion: 121.0.6167.140, chrome: {chromedriverVersion: 121.0.6167.85 (3f98d690ad7e..., userDataDir: C:\Users\MAHESH~1\AppData\L...}, fedcm:accounts: true, goog:chromeOptions: {debuggerAddress: localhost:62909}, networkConnectionEnabled: false, pageLoadStrategy: normal, platformName: WINDOWS, proxy: Proxy(), se:cdp: ws://localhost:62909/devtoo..., se:cdpVersion: 121.0.6167.140, setWindowRect: true, strictFileInteractability: false, timeouts: {implicit: 0, pageLoad: 300000, script: 30000}, unhandledPromptBehavior: dismiss and notify, webauthn:extension:credBlob: true, webauthn:extension:largeBlob: true, webauthn:extension:minPinLength: true, webauthn:extension:prf: true, webauthn:virtualAuthenticators: true}
Element: [[ChromeDriver: chrome on WINDOWS (527492af790a23d544a1d21394f6229e)] -&gt; xpath: //input[@data-value=&apos;Claims&apos;]]
Session ID: 527492af790a23d544a1d21394f6229e
	at org.openqa.selenium.remote.codec.w3c.W3CHttpResponseCodec.createException(W3CHttpResponseCodec.java:200)
	at org.openqa.selenium.remote.codec.w3c.W3CHttpResponseCodec.decode(W3CHttpResponseCodec.java:133)
	at org.openqa.selenium.remote.codec.w3c.W3CHttpResponseCodec.decode(W3CHttpResponseCodec.java:53)
	at org.openqa.selenium.remote.HttpCommandExecutor.execute(HttpCommandExecutor.java:193)
	at org.openqa.selenium.remote.service.DriverCommandExecutor.invokeExecute(DriverCommandExecutor.java:183)
	at org.openqa.selenium.remote.service.DriverCommandExecutor.execute(DriverCommandExecutor.java:158)
	at org.openqa.selenium.remote.RemoteWebDriver.execute(RemoteWebDriver.java:543)
	at org.openqa.selenium.remote.RemoteWebElement.execute(RemoteWebElement.java:257)
	at org.openqa.selenium.remote.RemoteWebElement.click(RemoteWebElement.java:78)
	at com.resultspage.testCases.TC_TableTest.RemColumnsTest2(TC_TableTest.java:212)
	at java.base/java.util.ArrayList.forEach(ArrayList.java:1511)
... Removed 32 stack frames</pre></div><a href='#' onClick='toggleBox("stack-trace904383922", this, "Click to show all stack frames", "Click to hide stack frames")'>Click to show all stack frames</a>
<div class='stack-trace' id='stack-trace904383922'><pre>org.openqa.selenium.ElementNotInteractableException: element not interactable
  (Session info: chrome=121.0.6167.140)
Build info: version: &apos;4.8.3&apos;, revision: &apos;e5e76298c3&apos;
System info: os.name: &apos;Windows 11&apos;, os.arch: &apos;amd64&apos;, os.version: &apos;10.0&apos;, java.version: &apos;17.0.4.1&apos;
Driver info: org.openqa.selenium.chrome.ChromeDriver
Command: [527492af790a23d544a1d21394f6229e, clickElement {id=9E1ECD2CC1E9FD7C5C78ABAF3291389B_element_847}]
Capabilities {acceptInsecureCerts: false, browserName: chrome, browserVersion: 121.0.6167.140, chrome: {chromedriverVersion: 121.0.6167.85 (3f98d690ad7e..., userDataDir: C:\Users\MAHESH~1\AppData\L...}, fedcm:accounts: true, goog:chromeOptions: {debuggerAddress: localhost:62909}, networkConnectionEnabled: false, pageLoadStrategy: normal, platformName: WINDOWS, proxy: Proxy(), se:cdp: ws://localhost:62909/devtoo..., se:cdpVersion: 121.0.6167.140, setWindowRect: true, strictFileInteractability: false, timeouts: {implicit: 0, pageLoad: 300000, script: 30000}, unhandledPromptBehavior: dismiss and notify, webauthn:extension:credBlob: true, webauthn:extension:largeBlob: true, webauthn:extension:minPinLength: true, webauthn:extension:prf: true, webauthn:virtualAuthenticators: true}
Element: [[ChromeDriver: chrome on WINDOWS (527492af790a23d544a1d21394f6229e)] -&gt; xpath: //input[@data-value=&apos;Claims&apos;]]
Session ID: 527492af790a23d544a1d21394f6229e
	at java.base/jdk.internal.reflect.NativeConstructorAccessorImpl.newInstance0(Native Method)
	at java.base/jdk.internal.reflect.NativeConstructorAccessorImpl.newInstance(NativeConstructorAccessorImpl.java:77)
	at java.base/jdk.internal.reflect.DelegatingConstructorAccessorImpl.newInstance(DelegatingConstructorAccessorImpl.java:45)
	at java.base/java.lang.reflect.Constructor.newInstanceWithCaller(Constructor.java:499)
	at java.base/java.lang.reflect.Constructor.newInstance(Constructor.java:480)
	at org.openqa.selenium.remote.codec.w3c.W3CHttpResponseCodec.createException(W3CHttpResponseCodec.java:200)
	at org.openqa.selenium.remote.codec.w3c.W3CHttpResponseCodec.decode(W3CHttpResponseCodec.java:133)
	at org.openqa.selenium.remote.codec.w3c.W3CHttpResponseCodec.decode(W3CHttpResponseCodec.java:53)
	at org.openqa.selenium.remote.HttpCommandExecutor.execute(HttpCommandExecutor.java:193)
	at org.openqa.selenium.remote.service.DriverCommandExecutor.invokeExecute(DriverCommandExecutor.java:183)
	at org.openqa.selenium.remote.service.DriverCommandExecutor.execute(DriverCommandExecutor.java:158)
	at org.openqa.selenium.remote.RemoteWebDriver.execute(RemoteWebDriver.java:543)
	at org.openqa.selenium.remote.RemoteWebElement.execute(RemoteWebElement.java:257)
	at org.openqa.selenium.remote.RemoteWebElement.click(RemoteWebElement.java:78)
	at com.resultspage.testCases.TC_TableTest.RemColumnsTest2(TC_TableTest.java:212)
	at java.base/jdk.internal.reflect.NativeMethodAccessorImpl.invoke0(Native Method)
	at java.base/jdk.internal.reflect.NativeMethodAccessorImpl.invoke(NativeMethodAccessorImpl.java:77)
	at java.base/jdk.internal.reflect.DelegatingMethodAccessorImpl.invoke(DelegatingMethodAccessorImpl.java:43)
	at java.base/java.lang.reflect.Method.invoke(Method.java:568)
	at org.testng.internal.invokers.MethodInvocationHelper.invokeMethod(MethodInvocationHelper.java:139)
	at org.testng.internal.invokers.TestInvoker.invokeMethod(TestInvoker.java:677)
	at org.testng.internal.invokers.TestInvoker.invokeTestMethod(TestInvoker.java:221)
	at org.testng.internal.invokers.MethodRunner.runInSequence(MethodRunner.java:50)
	at org.testng.internal.invokers.TestInvoker$MethodInvocationAgent.invoke(TestInvoker.java:969)
	at org.testng.internal.invokers.TestInvoker.invokeTestMethods(TestInvoker.java:194)
	at org.testng.internal.invokers.TestMethodWorker.invokeTestMethods(TestMethodWorker.java:148)
	at org.testng.internal.invokers.TestMethodWorker.run(TestMethodWorker.java:128)
	at java.base/java.util.ArrayList.forEach(ArrayList.java:1511)
	at org.testng.TestRunner.privateRun(TestRunner.java:829)
	at org.testng.TestRunner.run(TestRunner.java:602)
	at org.testng.SuiteRunner.runTest(SuiteRunner.java:437)
	at org.testng.SuiteRunner.runSequentially(SuiteRunner.java:431)
	at org.testng.SuiteRunner.privateRun(SuiteRunner.java:391)
	at org.testng.SuiteRunner.run(SuiteRunner.java:330)
	at org.testng.SuiteRunnerWorker.runSuite(SuiteRunnerWorker.java:52)
	at org.testng.SuiteRunnerWorker.run(SuiteRunnerWorker.java:95)
	at org.testng.TestNG.runSuitesSequentially(TestNG.java:1256)
	at org.testng.TestNG.runSuitesLocally(TestNG.java:1176)
	at org.testng.TestNG.runSuites(TestNG.java:1099)
	at org.testng.TestNG.run(TestNG.java:1067)
	at org.testng.remote.AbstractRemoteTestNG.run(AbstractRemoteTestNG.java:115)
	at org.testng.remote.RemoteTestNG.initAndRun(RemoteTestNG.java:251)
	at org.testng.remote.RemoteTestNG.main(RemoteTestNG.java:77)
</pre></div></td>
<td>2</td>
<td>com.resultspage.testCases.TC_TableTest@6a03bcb1</td></tr>
<tr>
<td title='com.rwire.testCases.TC_ExpertAddressTest_008.CorrespondentAddTest()'><b>CorrespondentAddTest</b><br>Test class: com.rwire.testCases.TC_ExpertAddressTest_008</td>
<td><div><pre>java.lang.AssertionError: expected [true] but found [false]
	at com.rwire.testCases.TC_ExpertAddressTest_008.CorrespondentAddTest(TC_ExpertAddressTest_008.java:205)
	at java.base/java.util.ArrayList.forEach(ArrayList.java:1511)
... Removed 31 stack frames</pre></div><a href='#' onClick='toggleBox("stack-trace1743032972", this, "Click to show all stack frames", "Click to hide stack frames")'>Click to show all stack frames</a>
<div class='stack-trace' id='stack-trace1743032972'><pre>java.lang.AssertionError: expected [true] but found [false]
	at org.testng.Assert.fail(Assert.java:110)
	at org.testng.Assert.failNotEquals(Assert.java:1577)
	at org.testng.Assert.assertTrue(Assert.java:56)
	at org.testng.Assert.assertTrue(Assert.java:66)
	at com.rwire.testCases.TC_ExpertAddressTest_008.CorrespondentAddTest(TC_ExpertAddressTest_008.java:205)
	at java.base/jdk.internal.reflect.NativeMethodAccessorImpl.invoke0(Native Method)
	at java.base/jdk.internal.reflect.NativeMethodAccessorImpl.invoke(NativeMethodAccessorImpl.java:77)
	at java.base/jdk.internal.reflect.DelegatingMethodAccessorImpl.invoke(DelegatingMethodAccessorImpl.java:43)
	at java.base/java.lang.reflect.Method.invoke(Method.java:568)
	at org.testng.internal.invokers.MethodInvocationHelper.invokeMethod(MethodInvocationHelper.java:139)
	at org.testng.internal.invokers.TestInvoker.invokeMethod(TestInvoker.java:677)
	at org.testng.internal.invokers.TestInvoker.invokeTestMethod(TestInvoker.java:221)
	at org.testng.internal.invokers.MethodRunner.runInSequence(MethodRunner.java:50)
	at org.testng.internal.invokers.TestInvoker$MethodInvocationAgent.invoke(TestInvoker.java:969)
	at org.testng.internal.invokers.TestInvoker.invokeTestMethods(TestInvoker.java:194)
	at org.testng.internal.invokers.TestMethodWorker.invokeTestMethods(TestMethodWorker.java:148)
	at org.testng.internal.invokers.TestMethodWorker.run(TestMethodWorker.java:128)
	at java.base/java.util.ArrayList.forEach(ArrayList.java:1511)
	at org.testng.TestRunner.privateRun(TestRunner.java:829)
	at org.testng.TestRunner.run(TestRunner.java:602)
	at org.testng.SuiteRunner.runTest(SuiteRunner.java:437)
	at org.testng.SuiteRunner.runSequentially(SuiteRunner.java:431)
	at org.testng.SuiteRunner.privateRun(SuiteRunner.java:391)
	at org.testng.SuiteRunner.run(SuiteRunner.java:330)
	at org.testng.SuiteRunnerWorker.runSuite(SuiteRunnerWorker.java:52)
	at org.testng.SuiteRunnerWorker.run(SuiteRunnerWorker.java:95)
	at org.testng.TestNG.runSuitesSequentially(TestNG.java:1256)
	at org.testng.TestNG.runSuitesLocally(TestNG.java:1176)
	at org.testng.TestNG.runSuites(TestNG.java:1099)
	at org.testng.TestNG.run(TestNG.java:1067)
	at org.testng.remote.AbstractRemoteTestNG.run(AbstractRemoteTestNG.java:115)
	at org.testng.remote.RemoteTestNG.initAndRun(RemoteTestNG.java:251)
	at org.testng.remote.RemoteTestNG.main(RemoteTestNG.java:77)
</pre></div></td>
<td>9</td>
<td>com.rwire.testCases.TC_ExpertAddressTest_008@7a675056</td></tr>
<tr>
<td title='com.rwire.testCases.TC_DesignatedStatesEPTest.UPparticipatingStatesEP()'><b>UPparticipatingStatesEP</b><br>Test class: com.rwire.testCases.TC_DesignatedStatesEPTest</td>
<td><div><pre>java.lang.AssertionError: expected [true] but found [false]
	at com.rwire.testCases.TC_DesignatedStatesEPTest.UPparticipatingStatesEP(TC_DesignatedStatesEPTest.java:204)
	at java.base/java.util.ArrayList.forEach(ArrayList.java:1511)
... Removed 31 stack frames</pre></div><a href='#' onClick='toggleBox("stack-trace660036557", this, "Click to show all stack frames", "Click to hide stack frames")'>Click to show all stack frames</a>
<div class='stack-trace' id='stack-trace660036557'><pre>java.lang.AssertionError: expected [true] but found [false]
	at org.testng.Assert.fail(Assert.java:110)
	at org.testng.Assert.failNotEquals(Assert.java:1577)
	at org.testng.Assert.assertTrue(Assert.java:56)
	at org.testng.Assert.assertTrue(Assert.java:66)
	at com.rwire.testCases.TC_DesignatedStatesEPTest.UPparticipatingStatesEP(TC_DesignatedStatesEPTest.java:204)
	at java.base/jdk.internal.reflect.NativeMethodAccessorImpl.invoke0(Native Method)
	at java.base/jdk.internal.reflect.NativeMethodAccessorImpl.invoke(NativeMethodAccessorImpl.java:77)
	at java.base/jdk.internal.reflect.DelegatingMethodAccessorImpl.invoke(DelegatingMethodAccessorImpl.java:43)
	at java.base/java.lang.reflect.Method.invoke(Method.java:568)
	at org.testng.internal.invokers.MethodInvocationHelper.invokeMethod(MethodInvocationHelper.java:139)
	at org.testng.internal.invokers.TestInvoker.invokeMethod(TestInvoker.java:677)
	at org.testng.internal.invokers.TestInvoker.invokeTestMethod(TestInvoker.java:221)
	at org.testng.internal.invokers.MethodRunner.runInSequence(MethodRunner.java:50)
	at org.testng.internal.invokers.TestInvoker$MethodInvocationAgent.invoke(TestInvoker.java:969)
	at org.testng.internal.invokers.TestInvoker.invokeTestMethods(TestInvoker.java:194)
	at org.testng.internal.invokers.TestMethodWorker.invokeTestMethods(TestMethodWorker.java:148)
	at org.testng.internal.invokers.TestMethodWorker.run(TestMethodWorker.java:128)
	at java.base/java.util.ArrayList.forEach(ArrayList.java:1511)
	at org.testng.TestRunner.privateRun(TestRunner.java:829)
	at org.testng.TestRunner.run(TestRunner.java:602)
	at org.testng.SuiteRunner.runTest(SuiteRunner.java:437)
	at org.testng.SuiteRunner.runSequentially(SuiteRunner.java:431)
	at org.testng.SuiteRunner.privateRun(SuiteRunner.java:391)
	at org.testng.SuiteRunner.run(SuiteRunner.java:330)
	at org.testng.SuiteRunnerWorker.runSuite(SuiteRunnerWorker.java:52)
	at org.testng.SuiteRunnerWorker.run(SuiteRunnerWorker.java:95)
	at org.testng.TestNG.runSuitesSequentially(TestNG.java:1256)
	at org.testng.TestNG.runSuitesLocally(TestNG.java:1176)
	at org.testng.TestNG.runSuites(TestNG.java:1099)
	at org.testng.TestNG.run(TestNG.java:1067)
	at org.testng.remote.AbstractRemoteTestNG.run(AbstractRemoteTestNG.java:115)
	at org.testng.remote.RemoteTestNG.initAndRun(RemoteTestNG.java:251)
	at org.testng.remote.RemoteTestNG.main(RemoteTestNG.java:77)
</pre></div></td>
<td>9</td>
<td>com.rwire.testCases.TC_DesignatedStatesEPTest@683dbc2c</td></tr>
<tr>
<td title='com.rwire.testCases.TC_DesignatedStatesPCT.RegionalAnyOtherSPCT()'><b>RegionalAnyOtherSPCT</b><br>Test class: com.rwire.testCases.TC_DesignatedStatesPCT</td>
<td><div><pre>java.lang.AssertionError: expected [true] but found [false]
	at com.rwire.testCases.TC_DesignatedStatesPCT.RegionalAnyOtherSPCT(TC_DesignatedStatesPCT.java:128)
	at java.base/java.util.ArrayList.forEach(ArrayList.java:1511)
... Removed 31 stack frames</pre></div><a href='#' onClick='toggleBox("stack-trace1166754951", this, "Click to show all stack frames", "Click to hide stack frames")'>Click to show all stack frames</a>
<div class='stack-trace' id='stack-trace1166754951'><pre>java.lang.AssertionError: expected [true] but found [false]
	at org.testng.Assert.fail(Assert.java:110)
	at org.testng.Assert.failNotEquals(Assert.java:1577)
	at org.testng.Assert.assertTrue(Assert.java:56)
	at org.testng.Assert.assertTrue(Assert.java:66)
	at com.rwire.testCases.TC_DesignatedStatesPCT.RegionalAnyOtherSPCT(TC_DesignatedStatesPCT.java:128)
	at java.base/jdk.internal.reflect.NativeMethodAccessorImpl.invoke0(Native Method)
	at java.base/jdk.internal.reflect.NativeMethodAccessorImpl.invoke(NativeMethodAccessorImpl.java:77)
	at java.base/jdk.internal.reflect.DelegatingMethodAccessorImpl.invoke(DelegatingMethodAccessorImpl.java:43)
	at java.base/java.lang.reflect.Method.invoke(Method.java:568)
	at org.testng.internal.invokers.MethodInvocationHelper.invokeMethod(MethodInvocationHelper.java:139)
	at org.testng.internal.invokers.TestInvoker.invokeMethod(TestInvoker.java:677)
	at org.testng.internal.invokers.TestInvoker.invokeTestMethod(TestInvoker.java:221)
	at org.testng.internal.invokers.MethodRunner.runInSequence(MethodRunner.java:50)
	at org.testng.internal.invokers.TestInvoker$MethodInvocationAgent.invoke(TestInvoker.java:969)
	at org.testng.internal.invokers.TestInvoker.invokeTestMethods(TestInvoker.java:194)
	at org.testng.internal.invokers.TestMethodWorker.invokeTestMethods(TestMethodWorker.java:148)
	at org.testng.internal.invokers.TestMethodWorker.run(TestMethodWorker.java:128)
	at java.base/java.util.ArrayList.forEach(ArrayList.java:1511)
	at org.testng.TestRunner.privateRun(TestRunner.java:829)
	at org.testng.TestRunner.run(TestRunner.java:602)
	at org.testng.SuiteRunner.runTest(SuiteRunner.java:437)
	at org.testng.SuiteRunner.runSequentially(SuiteRunner.java:431)
	at org.testng.SuiteRunner.privateRun(SuiteRunner.java:391)
	at org.testng.SuiteRunner.run(SuiteRunner.java:330)
	at org.testng.SuiteRunnerWorker.runSuite(SuiteRunnerWorker.java:52)
	at org.testng.SuiteRunnerWorker.run(SuiteRunnerWorker.java:95)
	at org.testng.TestNG.runSuitesSequentially(TestNG.java:1256)
	at org.testng.TestNG.runSuitesLocally(TestNG.java:1176)
	at org.testng.TestNG.runSuites(TestNG.java:1099)
	at org.testng.TestNG.run(TestNG.java:1067)
	at org.testng.remote.AbstractRemoteTestNG.run(AbstractRemoteTestNG.java:115)
	at org.testng.remote.RemoteTestNG.initAndRun(RemoteTestNG.java:251)
	at org.testng.remote.RemoteTestNG.main(RemoteTestNG.java:77)
</pre></div></td>
<td>9</td>
<td>com.rwire.testCases.TC_DesignatedStatesPCT@68267da0</td></tr>
<tr>
<td title='com.resultspage.testCases.TC_TableTest.RemColumnsTest1()'><b>RemColumnsTest1</b><br>Test class: com.resultspage.testCases.TC_TableTest</td>
<td><div><pre>org.openqa.selenium.ElementNotInteractableException: element not interactable
  (Session info: chrome=121.0.6167.140)
Build info: version: &apos;4.8.3&apos;, revision: &apos;e5e76298c3&apos;
System info: os.name: &apos;Windows 11&apos;, os.arch: &apos;amd64&apos;, os.version: &apos;10.0&apos;, java.version: &apos;17.0.4.1&apos;
Driver info: org.openqa.selenium.chrome.ChromeDriver
Command: [527492af790a23d544a1d21394f6229e, clickElement {id=9E1ECD2CC1E9FD7C5C78ABAF3291389B_element_825}]
Capabilities {acceptInsecureCerts: false, browserName: chrome, browserVersion: 121.0.6167.140, chrome: {chromedriverVersion: 121.0.6167.85 (3f98d690ad7e..., userDataDir: C:\Users\MAHESH~1\AppData\L...}, fedcm:accounts: true, goog:chromeOptions: {debuggerAddress: localhost:62909}, networkConnectionEnabled: false, pageLoadStrategy: normal, platformName: WINDOWS, proxy: Proxy(), se:cdp: ws://localhost:62909/devtoo..., se:cdpVersion: 121.0.6167.140, setWindowRect: true, strictFileInteractability: false, timeouts: {implicit: 0, pageLoad: 300000, script: 30000}, unhandledPromptBehavior: dismiss and notify, webauthn:extension:credBlob: true, webauthn:extension:largeBlob: true, webauthn:extension:minPinLength: true, webauthn:extension:prf: true, webauthn:virtualAuthenticators: true}
Element: [[ChromeDriver: chrome on WINDOWS (527492af790a23d544a1d21394f6229e)] -&gt; xpath: //input[@data-value=&apos;normalized_assignee&apos;]]
Session ID: 527492af790a23d544a1d21394f6229e
	at org.openqa.selenium.remote.codec.w3c.W3CHttpResponseCodec.createException(W3CHttpResponseCodec.java:200)
	at org.openqa.selenium.remote.codec.w3c.W3CHttpResponseCodec.decode(W3CHttpResponseCodec.java:133)
	at org.openqa.selenium.remote.codec.w3c.W3CHttpResponseCodec.decode(W3CHttpResponseCodec.java:53)
	at org.openqa.selenium.remote.HttpCommandExecutor.execute(HttpCommandExecutor.java:193)
	at org.openqa.selenium.remote.service.DriverCommandExecutor.invokeExecute(DriverCommandExecutor.java:183)
	at org.openqa.selenium.remote.service.DriverCommandExecutor.execute(DriverCommandExecutor.java:158)
	at org.openqa.selenium.remote.RemoteWebDriver.execute(RemoteWebDriver.java:543)
	at org.openqa.selenium.remote.RemoteWebElement.execute(RemoteWebElement.java:257)
	at org.openqa.selenium.remote.RemoteWebElement.click(RemoteWebElement.java:78)
	at com.resultspage.testCases.TC_TableTest.RemColumnsTest1(TC_TableTest.java:157)
	at java.base/java.util.ArrayList.forEach(ArrayList.java:1511)
... Removed 32 stack frames</pre></div><a href='#' onClick='toggleBox("stack-trace1753822100", this, "Click to show all stack frames", "Click to hide stack frames")'>Click to show all stack frames</a>
<div class='stack-trace' id='stack-trace1753822100'><pre>org.openqa.selenium.ElementNotInteractableException: element not interactable
  (Session info: chrome=121.0.6167.140)
Build info: version: &apos;4.8.3&apos;, revision: &apos;e5e76298c3&apos;
System info: os.name: &apos;Windows 11&apos;, os.arch: &apos;amd64&apos;, os.version: &apos;10.0&apos;, java.version: &apos;17.0.4.1&apos;
Driver info: org.openqa.selenium.chrome.ChromeDriver
Command: [527492af790a23d544a1d21394f6229e, clickElement {id=9E1ECD2CC1E9FD7C5C78ABAF3291389B_element_825}]
Capabilities {acceptInsecureCerts: false, browserName: chrome, browserVersion: 121.0.6167.140, chrome: {chromedriverVersion: 121.0.6167.85 (3f98d690ad7e..., userDataDir: C:\Users\MAHESH~1\AppData\L...}, fedcm:accounts: true, goog:chromeOptions: {debuggerAddress: localhost:62909}, networkConnectionEnabled: false, pageLoadStrategy: normal, platformName: WINDOWS, proxy: Proxy(), se:cdp: ws://localhost:62909/devtoo..., se:cdpVersion: 121.0.6167.140, setWindowRect: true, strictFileInteractability: false, timeouts: {implicit: 0, pageLoad: 300000, script: 30000}, unhandledPromptBehavior: dismiss and notify, webauthn:extension:credBlob: true, webauthn:extension:largeBlob: true, webauthn:extension:minPinLength: true, webauthn:extension:prf: true, webauthn:virtualAuthenticators: true}
Element: [[ChromeDriver: chrome on WINDOWS (527492af790a23d544a1d21394f6229e)] -&gt; xpath: //input[@data-value=&apos;normalized_assignee&apos;]]
Session ID: 527492af790a23d544a1d21394f6229e
	at java.base/jdk.internal.reflect.NativeConstructorAccessorImpl.newInstance0(Native Method)
	at java.base/jdk.internal.reflect.NativeConstructorAccessorImpl.newInstance(NativeConstructorAccessorImpl.java:77)
	at java.base/jdk.internal.reflect.DelegatingConstructorAccessorImpl.newInstance(DelegatingConstructorAccessorImpl.java:45)
	at java.base/java.lang.reflect.Constructor.newInstanceWithCaller(Constructor.java:499)
	at java.base/java.lang.reflect.Constructor.newInstance(Constructor.java:480)
	at org.openqa.selenium.remote.codec.w3c.W3CHttpResponseCodec.createException(W3CHttpResponseCodec.java:200)
	at org.openqa.selenium.remote.codec.w3c.W3CHttpResponseCodec.decode(W3CHttpResponseCodec.java:133)
	at org.openqa.selenium.remote.codec.w3c.W3CHttpResponseCodec.decode(W3CHttpResponseCodec.java:53)
	at org.openqa.selenium.remote.HttpCommandExecutor.execute(HttpCommandExecutor.java:193)
	at org.openqa.selenium.remote.service.DriverCommandExecutor.invokeExecute(DriverCommandExecutor.java:183)
	at org.openqa.selenium.remote.service.DriverCommandExecutor.execute(DriverCommandExecutor.java:158)
	at org.openqa.selenium.remote.RemoteWebDriver.execute(RemoteWebDriver.java:543)
	at org.openqa.selenium.remote.RemoteWebElement.execute(RemoteWebElement.java:257)
	at org.openqa.selenium.remote.RemoteWebElement.click(RemoteWebElement.java:78)
	at com.resultspage.testCases.TC_TableTest.RemColumnsTest1(TC_TableTest.java:157)
	at java.base/jdk.internal.reflect.NativeMethodAccessorImpl.invoke0(Native Method)
	at java.base/jdk.internal.reflect.NativeMethodAccessorImpl.invoke(NativeMethodAccessorImpl.java:77)
	at java.base/jdk.internal.reflect.DelegatingMethodAccessorImpl.invoke(DelegatingMethodAccessorImpl.java:43)
	at java.base/java.lang.reflect.Method.invoke(Method.java:568)
	at org.testng.internal.invokers.MethodInvocationHelper.invokeMethod(MethodInvocationHelper.java:139)
	at org.testng.internal.invokers.TestInvoker.invokeMethod(TestInvoker.java:677)
	at org.testng.internal.invokers.TestInvoker.invokeTestMethod(TestInvoker.java:221)
	at org.testng.internal.invokers.MethodRunner.runInSequence(MethodRunner.java:50)
	at org.testng.internal.invokers.TestInvoker$MethodInvocationAgent.invoke(TestInvoker.java:969)
	at org.testng.internal.invokers.TestInvoker.invokeTestMethods(TestInvoker.java:194)
	at org.testng.internal.invokers.TestMethodWorker.invokeTestMethods(TestMethodWorker.java:148)
	at org.testng.internal.invokers.TestMethodWorker.run(TestMethodWorker.java:128)
	at java.base/java.util.ArrayList.forEach(ArrayList.java:1511)
	at org.testng.TestRunner.privateRun(TestRunner.java:829)
	at org.testng.TestRunner.run(TestRunner.java:602)
	at org.testng.SuiteRunner.runTest(SuiteRunner.java:437)
	at org.testng.SuiteRunner.runSequentially(SuiteRunner.java:431)
	at org.testng.SuiteRunner.privateRun(SuiteRunner.java:391)
	at org.testng.SuiteRunner.run(SuiteRunner.java:330)
	at org.testng.SuiteRunnerWorker.runSuite(SuiteRunnerWorker.java:52)
	at org.testng.SuiteRunnerWorker.run(SuiteRunnerWorker.java:95)
	at org.testng.TestNG.runSuitesSequentially(TestNG.java:1256)
	at org.testng.TestNG.runSuitesLocally(TestNG.java:1176)
	at org.testng.TestNG.runSuites(TestNG.java:1099)
	at org.testng.TestNG.run(TestNG.java:1067)
	at org.testng.remote.AbstractRemoteTestNG.run(AbstractRemoteTestNG.java:115)
	at org.testng.remote.RemoteTestNG.initAndRun(RemoteTestNG.java:251)
	at org.testng.remote.RemoteTestNG.main(RemoteTestNG.java:77)
</pre></div></td>
<td>4</td>
<td>com.resultspage.testCases.TC_TableTest@6a03bcb1</td></tr>
</table><p>
<table width='100%' border='1' class='invocation-passed'>
<tr><td colspan='4' align='center'><b>PASSED TESTS</b></td></tr>
<tr><td><b>Test method</b></td>
<td><b>Attribute(s)</b></td>
<td width="30%"><b>Exception</b></td>
<td width="10%"><b>Time (seconds)</b></td>
<td><b>Instance</b></td>
</tr>
<tr>
<td title='com.rwire.testCases.TC_ExpertAddressTest_008.AssigneeAddTest()'><b>AssigneeAddTest</b><br>Test class: com.rwire.testCases.TC_ExpertAddressTest_008</td>
<td></td>
<td>8</td>
<td>com.rwire.testCases.TC_ExpertAddressTest_008@7a675056</td></tr>
<tr>
<td title='com.rwire.testCases.TC_SmartsearchTest_002.SearchbarTest4()'><b>SearchbarTest4</b><br>Test class: com.rwire.testCases.TC_SmartsearchTest_002</td>
<td></td>
<td>9</td>
<td>com.rwire.testCases.TC_SmartsearchTest_002@117e949d</td></tr>
<tr>
<td title='com.rwire.testCases.TC_NoTextFileUploadTest.Pub50TxtFileUpTest()'><b>Pub50TxtFileUpTest</b><br>Test class: com.rwire.testCases.TC_NoTextFileUploadTest</td>
<td></td>
<td>37</td>
<td>com.rwire.testCases.TC_NoTextFileUploadTest@3098cf3b</td></tr>
<tr>
<td title='com.rwire.testCases.TC_DesignatedStatesEPTest.DesignatedAllStatesEP()'><b>DesignatedAllStatesEP</b><br>Test class: com.rwire.testCases.TC_DesignatedStatesEPTest</td>
<td></td>
<td>21</td>
<td>com.rwire.testCases.TC_DesignatedStatesEPTest@683dbc2c</td></tr>
<tr>
<td title='com.rwire.testCases.TC_BotanicTest.BOVTest()'><b>BOVTest</b><br>Test class: com.rwire.testCases.TC_BotanicTest</td>
<td></td>
<td>8</td>
<td>com.rwire.testCases.TC_BotanicTest@7b02881e</td></tr>
<tr>
<td title='com.rwire.testCases.TC_ExpertDatesTest_009.PublicationYearTest()'><b>PublicationYearTest</b><br>Test class: com.rwire.testCases.TC_ExpertDatesTest_009</td>
<td></td>
<td>8</td>
<td>com.rwire.testCases.TC_ExpertDatesTest_009@d21a74c</td></tr>
<tr>
<td title='com.rwire.testCases.TC_ExpertClassesTest_005.LCTest()'><b>LCTest</b><br>Test class: com.rwire.testCases.TC_ExpertClassesTest_005</td>
<td></td>
<td>8</td>
<td>com.rwire.testCases.TC_ExpertClassesTest_005@5f8edcc5</td></tr>
<tr>
<td title='com.rwire.testCases.TC_FieldedTest_15.FieldedTest3()'><b>FieldedTest3</b><br>Test class: com.rwire.testCases.TC_FieldedTest_15</td>
<td></td>
<td>40</td>
<td>com.rwire.testCases.TC_FieldedTest_15@548e6d58</td></tr>
<tr>
<td title='com.rwire.testCases.TC_NoTextFileUploadTest.App50TxtFileUpTest()'><b>App50TxtFileUpTest</b><br>Test class: com.rwire.testCases.TC_NoTextFileUploadTest</td>
<td></td>
<td>27</td>
<td>com.rwire.testCases.TC_NoTextFileUploadTest@3098cf3b</td></tr>
<tr>
<td title='com.rwire.testCases.TC_ExpertTextTest_004.ClaimTest()'><b>ClaimTest</b><br>Test class: com.rwire.testCases.TC_ExpertTextTest_004</td>
<td></td>
<td>8</td>
<td>com.rwire.testCases.TC_ExpertTextTest_004@6db9f5a4</td></tr>
<tr>
<td title='com.rwire.testCases.TC_DesignatedStatesPCT.PCTNational()'><b>PCTNational</b><br>Test class: com.rwire.testCases.TC_DesignatedStatesPCT</td>
<td></td>
<td>9</td>
<td>com.rwire.testCases.TC_DesignatedStatesPCT@68267da0</td></tr>
<tr>
<td title='com.resultspage.testCases.TC_Sort.PublicationDateS()'><b>PublicationDateS</b><br>Test class: com.resultspage.testCases.TC_Sort</td>
<td></td>
<td>9</td>
<td>com.resultspage.testCases.TC_Sort@21b2e768</td></tr>
<tr>
<td title='com.rwire.testCases.TC_ExpertPeopleO_006.AssigneeAppTest()'><b>AssigneeAppTest</b><br>Test class: com.rwire.testCases.TC_ExpertPeopleO_006</td>
<td></td>
<td>8</td>
<td>com.rwire.testCases.TC_ExpertPeopleO_006@1ebd319f</td></tr>
<tr>
<td title='com.rwire.testCases.TC_ExpertClassesTest_005.PCLTest()'><b>PCLTest</b><br>Test class: com.rwire.testCases.TC_ExpertClassesTest_005</td>
<td></td>
<td>8</td>
<td>com.rwire.testCases.TC_ExpertClassesTest_005@5f8edcc5</td></tr>
<tr>
<td title='com.rwire.testCases.TC_ExpertNumbersTest_007.CompleteFamilyTest()'><b>CompleteFamilyTest</b><br>Test class: com.rwire.testCases.TC_ExpertNumbersTest_007</td>
<td></td>
<td>8</td>
<td>com.rwire.testCases.TC_ExpertNumbersTest_007@3c0be339</td></tr>
<tr>
<td title='com.rwire.testCases.TC_ExpertCountriesTest_11.PubCountryTest()'><b>PubCountryTest</b><br>Test class: com.rwire.testCases.TC_ExpertCountriesTest_11</td>
<td></td>
<td>27</td>
<td>com.rwire.testCases.TC_ExpertCountriesTest_11@2898ac89</td></tr>
<tr>
<td title='com.rwire.testCases.TC_ExpertDatesTest_009.PriorityDateTest()'><b>PriorityDateTest</b><br>Test class: com.rwire.testCases.TC_ExpertDatesTest_009</td>
<td></td>
<td>8</td>
<td>com.rwire.testCases.TC_ExpertDatesTest_009@d21a74c</td></tr>
<tr>
<td title='com.rwire.testCases.TC_ExpertTextTest_004.AbstractTest()'><b>AbstractTest</b><br>Test class: com.rwire.testCases.TC_ExpertTextTest_004</td>
<td></td>
<td>8</td>
<td>com.rwire.testCases.TC_ExpertTextTest_004@6db9f5a4</td></tr>
<tr>
<td title='com.rwire.testCases.TC_DesignatedStatesEPTest.ContractingStatesEP()'><b>ContractingStatesEP</b><br>Test class: com.rwire.testCases.TC_DesignatedStatesEPTest</td>
<td></td>
<td>9</td>
<td>com.rwire.testCases.TC_DesignatedStatesEPTest@683dbc2c</td></tr>
<tr>
<td title='com.resultspage.testCases.TC_Sort.ApplicationCtryS()'><b>ApplicationCtryS</b><br>Test class: com.resultspage.testCases.TC_Sort</td>
<td></td>
<td>8</td>
<td>com.resultspage.testCases.TC_Sort@21b2e768</td></tr>
<tr>
<td title='com.resultspage.testCases.TC_Sort.PriorityCtryS()'><b>PriorityCtryS</b><br>Test class: com.resultspage.testCases.TC_Sort</td>
<td></td>
<td>8</td>
<td>com.resultspage.testCases.TC_Sort@21b2e768</td></tr>
<tr>
<td title='com.rwire.testCases.TC_ExpertAddressTest_008.AttorneyagentAddTest()'><b>AttorneyagentAddTest</b><br>Test class: com.rwire.testCases.TC_ExpertAddressTest_008</td>
<td></td>
<td>9</td>
<td>com.rwire.testCases.TC_ExpertAddressTest_008@7a675056</td></tr>
<tr>
<td title='com.rwire.testCases.TC_NoTextFileUploadTest.Prn50TxtFileUpTest()'><b>Prn50TxtFileUpTest</b><br>Test class: com.rwire.testCases.TC_NoTextFileUploadTest</td>
<td></td>
<td>27</td>
<td>com.rwire.testCases.TC_NoTextFileUploadTest@3098cf3b</td></tr>
<tr>
<td title='com.resultspage.testCases.TC_Sort.AssigneeCountS()'><b>AssigneeCountS</b><br>Test class: com.resultspage.testCases.TC_Sort</td>
<td></td>
<td>8</td>
<td>com.resultspage.testCases.TC_Sort@21b2e768</td></tr>
<tr>
<td title='com.rwire.testCases.TC_PatentStatusTest.StatusFiledTest()'><b>StatusFiledTest</b><br>Test class: com.rwire.testCases.TC_PatentStatusTest</td>
<td></td>
<td>23</td>
<td>com.rwire.testCases.TC_PatentStatusTest@6ff29830</td></tr>
<tr>
<td title='com.resultspage.testCases.TC_Sort.EPriorityDateS()'><b>EPriorityDateS</b><br>Test class: com.resultspage.testCases.TC_Sort</td>
<td></td>
<td>8</td>
<td>com.resultspage.testCases.TC_Sort@21b2e768</td></tr>
<tr>
<td title='com.resultspage.testCases.TC_QuickTest.QuickFiltersTest()'><b>QuickFiltersTest</b><br>Test class: com.resultspage.testCases.TC_QuickTest</td>
<td></td>
<td>11</td>
<td>com.resultspage.testCases.TC_QuickTest@57250572</td></tr>
<tr>
<td title='com.rwire.testCases.TC_ExpertAddressTest_008.InventorAddTest()'><b>InventorAddTest</b><br>Test class: com.rwire.testCases.TC_ExpertAddressTest_008</td>
<td></td>
<td>9</td>
<td>com.rwire.testCases.TC_ExpertAddressTest_008@7a675056</td></tr>
<tr>
<td title='com.rwire.testCases.TC_DesignatedStatesPCT.DesAllStatesPCT()'><b>DesAllStatesPCT</b><br>Test class: com.rwire.testCases.TC_DesignatedStatesPCT</td>
<td></td>
<td>20</td>
<td>com.rwire.testCases.TC_DesignatedStatesPCT@68267da0</td></tr>
<tr>
<td title='com.rwire.testCases.TC_ExpertNumbersTest_007.PublicationNoTest()'><b>PublicationNoTest</b><br>Test class: com.rwire.testCases.TC_ExpertNumbersTest_007</td>
<td></td>
<td>22</td>
<td>com.rwire.testCases.TC_ExpertNumbersTest_007@3c0be339</td></tr>
<tr>
<td title='com.resultspage.testCases.TC_Sort.AssigneeCtryS()'><b>AssigneeCtryS</b><br>Test class: com.resultspage.testCases.TC_Sort</td>
<td></td>
<td>8</td>
<td>com.resultspage.testCases.TC_Sort@21b2e768</td></tr>
<tr>
<td title='com.rwire.testCases.TC_ExpertPeopleO_006.AAPNormalizedTest()'><b>AAPNormalizedTest</b><br>Test class: com.rwire.testCases.TC_ExpertPeopleO_006</td>
<td></td>
<td>8</td>
<td>com.rwire.testCases.TC_ExpertPeopleO_006@1ebd319f</td></tr>
<tr>
<td title='com.rwire.testCases.TC_CitationTest.FCPTest()'><b>FCPTest</b><br>Test class: com.rwire.testCases.TC_CitationTest</td>
<td></td>
<td>9</td>
<td>com.rwire.testCases.TC_CitationTest@15ca7889</td></tr>
<tr>
<td title='com.rwire.testCases.TC_ExpertDatesTest_009.ExpiryDateTest()'><b>ExpiryDateTest</b><br>Test class: com.rwire.testCases.TC_ExpertDatesTest_009</td>
<td></td>
<td>8</td>
<td>com.rwire.testCases.TC_ExpertDatesTest_009@d21a74c</td></tr>
<tr>
<td title='com.rwire.testCases.TC_ExpertPeopleO_006.CorrespondentTest()'><b>CorrespondentTest</b><br>Test class: com.rwire.testCases.TC_ExpertPeopleO_006</td>
<td></td>
<td>9</td>
<td>com.rwire.testCases.TC_ExpertPeopleO_006@1ebd319f</td></tr>
<tr>
<td title='com.rwire.testCases.TC_ExpertNumbersTest_007.SimpleFamilyTest()'><b>SimpleFamilyTest</b><br>Test class: com.rwire.testCases.TC_ExpertNumbersTest_007</td>
<td></td>
<td>9</td>
<td>com.rwire.testCases.TC_ExpertNumbersTest_007@3c0be339</td></tr>
<tr>
<td title='com.rwire.testCases.TC_LoginTest_001.loginTest()'><b>loginTest</b><br>Test class: com.rwire.testCases.TC_LoginTest_001</td>
<td></td>
<td>14</td>
<td>com.rwire.testCases.TC_LoginTest_001@6f45df59</td></tr>
<tr>
<td title='com.rwire.testCases.TC_ExpertOthersTest_10.AssigneeCountTest()'><b>AssigneeCountTest</b><br>Test class: com.rwire.testCases.TC_ExpertOthersTest_10</td>
<td></td>
<td>20</td>
<td>com.rwire.testCases.TC_ExpertOthersTest_10@6e509ffa</td></tr>
<tr>
<td title='com.rwire.testCases.TC_NumberSearch_17.PRNNumberSTest()'><b>PRNNumberSTest</b><br>Test class: com.rwire.testCases.TC_NumberSearch_17</td>
<td></td>
<td>10</td>
<td>com.rwire.testCases.TC_NumberSearch_17@623a8092</td></tr>
<tr>
<td title='com.resultspage.testCases.TC_Sort.PublicationKindCodeS()'><b>PublicationKindCodeS</b><br>Test class: com.resultspage.testCases.TC_Sort</td>
<td></td>
<td>8</td>
<td>com.resultspage.testCases.TC_Sort@21b2e768</td></tr>
<tr>
<td title='com.rwire.testCases.TC_ExpertNumbersTest_007.PCTPubNoTest()'><b>PCTPubNoTest</b><br>Test class: com.rwire.testCases.TC_ExpertNumbersTest_007</td>
<td></td>
<td>8</td>
<td>com.rwire.testCases.TC_ExpertNumbersTest_007@3c0be339</td></tr>
<tr>
<td title='com.rwire.testCases.TC_ExpertPeopleO_006.AttorneyAgentTest()'><b>AttorneyAgentTest</b><br>Test class: com.rwire.testCases.TC_ExpertPeopleO_006</td>
<td></td>
<td>8</td>
<td>com.rwire.testCases.TC_ExpertPeopleO_006@1ebd319f</td></tr>
<tr>
<td title='com.rwire.testCases.TC_ExpertPeopleO_006.CANormalizedTest()'><b>CANormalizedTest</b><br>Test class: com.rwire.testCases.TC_ExpertPeopleO_006</td>
<td></td>
<td>10</td>
<td>com.rwire.testCases.TC_ExpertPeopleO_006@1ebd319f</td></tr>
<tr>
<td title='com.rwire.testCases.TC_ExpertNumbersTest_007.ExtendedFamilyTest()'><b>ExtendedFamilyTest</b><br>Test class: com.rwire.testCases.TC_ExpertNumbersTest_007</td>
<td></td>
<td>8</td>
<td>com.rwire.testCases.TC_ExpertNumbersTest_007@3c0be339</td></tr>
<tr>
<td title='com.rwire.testCases.TC_PatentStateTest_12.StateAliveTest()'><b>StateAliveTest</b><br>Test class: com.rwire.testCases.TC_PatentStateTest_12</td>
<td></td>
<td>23</td>
<td>com.rwire.testCases.TC_PatentStateTest_12@2638011</td></tr>
<tr>
<td title='com.rwire.testCases.TC_ExpertDatesTest_009.ApplicationDateTest()'><b>ApplicationDateTest</b><br>Test class: com.rwire.testCases.TC_ExpertDatesTest_009</td>
<td></td>
<td>23</td>
<td>com.rwire.testCases.TC_ExpertDatesTest_009@d21a74c</td></tr>
<tr>
<td title='com.rwire.testCases.TC_NumberSearch_17.PubNumberSTest()'><b>PubNumberSTest</b><br>Test class: com.rwire.testCases.TC_NumberSearch_17</td>
<td></td>
<td>27</td>
<td>com.rwire.testCases.TC_NumberSearch_17@623a8092</td></tr>
<tr>
<td title='com.rwire.testCases.TC_ExpertPeopleO_006.CAOriginalTest()'><b>CAOriginalTest</b><br>Test class: com.rwire.testCases.TC_ExpertPeopleO_006</td>
<td></td>
<td>23</td>
<td>com.rwire.testCases.TC_ExpertPeopleO_006@1ebd319f</td></tr>
<tr>
<td title='com.rwire.testCases.TC_PatentTypeTest.TypeDesignTest()'><b>TypeDesignTest</b><br>Test class: com.rwire.testCases.TC_PatentTypeTest</td>
<td></td>
<td>9</td>
<td>com.rwire.testCases.TC_PatentTypeTest@6a2b953e</td></tr>
<tr>
<td title='com.rwire.testCases.TC_FieldedTest_14.FieldedTest2()'><b>FieldedTest2</b><br>Test class: com.rwire.testCases.TC_FieldedTest_14</td>
<td></td>
<td>43</td>
<td>com.rwire.testCases.TC_FieldedTest_14@2f465398</td></tr>
<tr>
<td title='com.rwire.testCases.TC_DesignatedStatesEPTest.ValidationStatesEP()'><b>ValidationStatesEP</b><br>Test class: com.rwire.testCases.TC_DesignatedStatesEPTest</td>
<td></td>
<td>9</td>
<td>com.rwire.testCases.TC_DesignatedStatesEPTest@683dbc2c</td></tr>
<tr>
<td title='com.rwire.testCases.TC_SmartsearchTest_002.SearchbarTest1()'><b>SearchbarTest1</b><br>Test class: com.rwire.testCases.TC_SmartsearchTest_002</td>
<td></td>
<td>23</td>
<td>com.rwire.testCases.TC_SmartsearchTest_002@117e949d</td></tr>
<tr>
<td title='com.rwire.testCases.TC_PatentViewTest.PatentViewTest()'><b>PatentViewTest</b><br>Test class: com.rwire.testCases.TC_PatentViewTest</td>
<td></td>
<td>43</td>
<td>com.rwire.testCases.TC_PatentViewTest@610f7aa</td></tr>
<tr>
<td title='com.rwire.testCases.TC_ExpertDatesTest_009.PCTPubDateTest()'><b>PCTPubDateTest</b><br>Test class: com.rwire.testCases.TC_ExpertDatesTest_009</td>
<td></td>
<td>8</td>
<td>com.rwire.testCases.TC_ExpertDatesTest_009@d21a74c</td></tr>
<tr>
<td title='com.rwire.testCases.TC_ExpertTextTest_004.TitleTest()'><b>TitleTest</b><br>Test class: com.rwire.testCases.TC_ExpertTextTest_004</td>
<td></td>
<td>22</td>
<td>com.rwire.testCases.TC_ExpertTextTest_004@6db9f5a4</td></tr>
<tr>
<td title='com.rwire.testCases.TC_SmartsearchTest_002.SearchbarTest2()'><b>SearchbarTest2</b><br>Test class: com.rwire.testCases.TC_SmartsearchTest_002</td>
<td></td>
<td>8</td>
<td>com.rwire.testCases.TC_SmartsearchTest_002@117e949d</td></tr>
<tr>
<td title='com.rwire.testCases.TC_DesignatedStatesPCT.RegionalCountryPCT()'><b>RegionalCountryPCT</b><br>Test class: com.rwire.testCases.TC_DesignatedStatesPCT</td>
<td></td>
<td>9</td>
<td>com.rwire.testCases.TC_DesignatedStatesPCT@68267da0</td></tr>
<tr>
<td title='com.rwire.testCases.TC_ExpertClassesTest_005.USCTest()'><b>USCTest</b><br>Test class: com.rwire.testCases.TC_ExpertClassesTest_005</td>
<td></td>
<td>8</td>
<td>com.rwire.testCases.TC_ExpertClassesTest_005@5f8edcc5</td></tr>
<tr>
<td title='com.rwire.testCases.TC_PatentStateTest_12.StateDeadTest()'><b>StateDeadTest</b><br>Test class: com.rwire.testCases.TC_PatentStateTest_12</td>
<td></td>
<td>9</td>
<td>com.rwire.testCases.TC_PatentStateTest_12@2638011</td></tr>
<tr>
<td title='com.rwire.testCases.TC_NumberSearch_18.PRNnoAllcheckTest()'><b>PRNnoAllcheckTest</b><br>Test class: com.rwire.testCases.TC_NumberSearch_18</td>
<td></td>
<td>10</td>
<td>com.rwire.testCases.TC_NumberSearch_18@a1cdc6d</td></tr>
<tr>
<td title='com.resultspage.testCases.TC_QuickTest.QuickMTest()'><b>QuickMTest</b><br>Test class: com.resultspage.testCases.TC_QuickTest</td>
<td></td>
<td>29</td>
<td>com.resultspage.testCases.TC_QuickTest@57250572</td></tr>
<tr>
<td title='com.rwire.testCases.TC_PatentPubTest.PubGrantTest()'><b>PubGrantTest</b><br>Test class: com.rwire.testCases.TC_PatentPubTest</td>
<td></td>
<td>9</td>
<td>com.rwire.testCases.TC_PatentPubTest@313b2ea6</td></tr>
<tr>
<td title='com.rwire.testCases.TC_NoFileUploadTest.Pub50FileUpTest()'><b>Pub50FileUpTest</b><br>Test class: com.rwire.testCases.TC_NoFileUploadTest</td>
<td></td>
<td>36</td>
<td>com.rwire.testCases.TC_NoFileUploadTest@175b9425</td></tr>
<tr>
<td title='com.resultspage.testCases.TC_Sort.ApplicationDateS()'><b>ApplicationDateS</b><br>Test class: com.resultspage.testCases.TC_Sort</td>
<td></td>
<td>8</td>
<td>com.resultspage.testCases.TC_Sort@21b2e768</td></tr>
<tr>
<td title='com.rwire.testCases.TC_PatentTypeTest.TypeUtilityTest()'><b>TypeUtilityTest</b><br>Test class: com.rwire.testCases.TC_PatentTypeTest</td>
<td></td>
<td>23</td>
<td>com.rwire.testCases.TC_PatentTypeTest@6a2b953e</td></tr>
<tr>
<td title='com.rwire.testCases.TC_ExpertCountriesTest_11.PriorityCountryTest()'><b>PriorityCountryTest</b><br>Test class: com.rwire.testCases.TC_ExpertCountriesTest_11</td>
<td></td>
<td>9</td>
<td>com.rwire.testCases.TC_ExpertCountriesTest_11@2898ac89</td></tr>
<tr>
<td title='com.rwire.testCases.TC_ExpertTextTest_004.ALLTest()'><b>ALLTest</b><br>Test class: com.rwire.testCases.TC_ExpertTextTest_004</td>
<td></td>
<td>12</td>
<td>com.rwire.testCases.TC_ExpertTextTest_004@6db9f5a4</td></tr>
<tr>
<td title='com.resultspage.testCases.TC_Sort.ApplicantCountS()'><b>ApplicantCountS</b><br>Test class: com.resultspage.testCases.TC_Sort</td>
<td></td>
<td>8</td>
<td>com.resultspage.testCases.TC_Sort@21b2e768</td></tr>
<tr>
<td title='com.rwire.testCases.TC_ExpertPeopleO_006.AAPOriginalTest()'><b>AAPOriginalTest</b><br>Test class: com.rwire.testCases.TC_ExpertPeopleO_006</td>
<td></td>
<td>8</td>
<td>com.rwire.testCases.TC_ExpertPeopleO_006@1ebd319f</td></tr>
<tr>
<td title='com.rwire.testCases.TC_ExpertAddressTest_008.CurrentAssigneeAddTest()'><b>CurrentAssigneeAddTest</b><br>Test class: com.rwire.testCases.TC_ExpertAddressTest_008</td>
<td></td>
<td>8</td>
<td>com.rwire.testCases.TC_ExpertAddressTest_008@7a675056</td></tr>
<tr>
<td title='com.rwire.testCases.TC_ExpertClassesTest_005.IPCTest()'><b>IPCTest</b><br>Test class: com.rwire.testCases.TC_ExpertClassesTest_005</td>
<td></td>
<td>8</td>
<td>com.rwire.testCases.TC_ExpertClassesTest_005@5f8edcc5</td></tr>
<tr>
<td title='com.rwire.testCases.TC_NumberSearch_18.PubnoAllcheckTest()'><b>PubnoAllcheckTest</b><br>Test class: com.rwire.testCases.TC_NumberSearch_18</td>
<td></td>
<td>30</td>
<td>com.rwire.testCases.TC_NumberSearch_18@a1cdc6d</td></tr>
<tr>
<td title='com.rwire.testCases.TC_ExpertPeopleO_006.AAPStandardizedTest()'><b>AAPStandardizedTest</b><br>Test class: com.rwire.testCases.TC_ExpertPeopleO_006</td>
<td></td>
<td>8</td>
<td>com.rwire.testCases.TC_ExpertPeopleO_006@1ebd319f</td></tr>
<tr>
<td title='com.rwire.testCases.TC_ExpertOthersTest_10.PublicationLangTest()'><b>PublicationLangTest</b><br>Test class: com.rwire.testCases.TC_ExpertOthersTest_10</td>
<td></td>
<td>8</td>
<td>com.rwire.testCases.TC_ExpertOthersTest_10@6e509ffa</td></tr>
<tr>
<td title='com.rwire.testCases.TC_SmartsearchTest_002.SearchbarTest5()'><b>SearchbarTest5</b><br>Test class: com.rwire.testCases.TC_SmartsearchTest_002</td>
<td></td>
<td>8</td>
<td>com.rwire.testCases.TC_SmartsearchTest_002@117e949d</td></tr>
<tr>
<td title='com.rwire.testCases.TC_CitationTest.BCPTest()'><b>BCPTest</b><br>Test class: com.rwire.testCases.TC_CitationTest</td>
<td></td>
<td>9</td>
<td>com.rwire.testCases.TC_CitationTest@15ca7889</td></tr>
<tr>
<td title='com.rwire.testCases.TC_DesignatedStatesPCT.RegionalRCountryPCT()'><b>RegionalRCountryPCT</b><br>Test class: com.rwire.testCases.TC_DesignatedStatesPCT</td>
<td></td>
<td>9</td>
<td>com.rwire.testCases.TC_DesignatedStatesPCT@68267da0</td></tr>
<tr>
<td title='com.rwire.testCases.TC_ExpertClassesTest_005.CPCTest()'><b>CPCTest</b><br>Test class: com.rwire.testCases.TC_ExpertClassesTest_005</td>
<td></td>
<td>24</td>
<td>com.rwire.testCases.TC_ExpertClassesTest_005@5f8edcc5</td></tr>
<tr>
<td title='com.rwire.testCases.TC_NoFileUploadTest.Prn50FileUpTest()'><b>Prn50FileUpTest</b><br>Test class: com.rwire.testCases.TC_NoFileUploadTest</td>
<td></td>
<td>27</td>
<td>com.rwire.testCases.TC_NoFileUploadTest@175b9425</td></tr>
<tr>
<td title='com.rwire.testCases.TC_PatentStatusTest.StatusCeasedTest()'><b>StatusCeasedTest</b><br>Test class: com.rwire.testCases.TC_PatentStatusTest</td>
<td></td>
<td>9</td>
<td>com.rwire.testCases.TC_PatentStatusTest@6ff29830</td></tr>
<tr>
<td title='com.rwire.testCases.TC_NumberSearch_18.AppnoAllcheckTest()'><b>AppnoAllcheckTest</b><br>Test class: com.rwire.testCases.TC_NumberSearch_18</td>
<td></td>
<td>10</td>
<td>com.rwire.testCases.TC_NumberSearch_18@a1cdc6d</td></tr>
<tr>
<td title='com.rwire.testCases.TC_ExpertDatesTest_009.PCTAppDateTest()'><b>PCTAppDateTest</b><br>Test class: com.rwire.testCases.TC_ExpertDatesTest_009</td>
<td></td>
<td>8</td>
<td>com.rwire.testCases.TC_ExpertDatesTest_009@d21a74c</td></tr>
<tr>
<td title='com.rwire.testCases.TC_SmartsearchTest_002.SearchbarTest3()'><b>SearchbarTest3</b><br>Test class: com.rwire.testCases.TC_SmartsearchTest_002</td>
<td></td>
<td>8</td>
<td>com.rwire.testCases.TC_SmartsearchTest_002@117e949d</td></tr>
<tr>
<td title='com.rwire.testCases.TC_ExpertClassesTest_005.JCLTest()'><b>JCLTest</b><br>Test class: com.rwire.testCases.TC_ExpertClassesTest_005</td>
<td></td>
<td>8</td>
<td>com.rwire.testCases.TC_ExpertClassesTest_005@5f8edcc5</td></tr>
<tr>
<td title='com.rwire.testCases.TC_ExpertPeopleO_006.CAStandardizedTest()'><b>CAStandardizedTest</b><br>Test class: com.rwire.testCases.TC_ExpertPeopleO_006</td>
<td></td>
<td>10</td>
<td>com.rwire.testCases.TC_ExpertPeopleO_006@1ebd319f</td></tr>
<tr>
<td title='com.rwire.testCases.TC_DesignatedStatesEPTest.ExtensionStatesEP()'><b>ExtensionStatesEP</b><br>Test class: com.rwire.testCases.TC_DesignatedStatesEPTest</td>
<td></td>
<td>9</td>
<td>com.rwire.testCases.TC_DesignatedStatesEPTest@683dbc2c</td></tr>
<tr>
<td title='com.rwire.testCases.TC_ExpertAddressTest_008.ApplicantAddTest()'><b>ApplicantAddTest</b><br>Test class: com.rwire.testCases.TC_ExpertAddressTest_008</td>
<td></td>
<td>23</td>
<td>com.rwire.testCases.TC_ExpertAddressTest_008@7a675056</td></tr>
<tr>
<td title='com.rwire.testCases.TC_ExpertTextTest_004.DescTest()'><b>DescTest</b><br>Test class: com.rwire.testCases.TC_ExpertTextTest_004</td>
<td></td>
<td>9</td>
<td>com.rwire.testCases.TC_ExpertTextTest_004@6db9f5a4</td></tr>
<tr>
<td title='com.rwire.testCases.TC_ExpertNumbersTest_007.ApplicationNoTest()'><b>ApplicationNoTest</b><br>Test class: com.rwire.testCases.TC_ExpertNumbersTest_007</td>
<td></td>
<td>8</td>
<td>com.rwire.testCases.TC_ExpertNumbersTest_007@3c0be339</td></tr>
<tr>
<td title='com.rwire.testCases.TC_ExpertAddressTest_008.AssigneeCountryTest()'><b>AssigneeCountryTest</b><br>Test class: com.rwire.testCases.TC_ExpertAddressTest_008</td>
<td></td>
<td>8</td>
<td>com.rwire.testCases.TC_ExpertAddressTest_008@7a675056</td></tr>
<tr>
<td title='com.rwire.testCases.TC_ExpertNumbersTest_007.PriorityNoTest()'><b>PriorityNoTest</b><br>Test class: com.rwire.testCases.TC_ExpertNumbersTest_007</td>
<td></td>
<td>8</td>
<td>com.rwire.testCases.TC_ExpertNumbersTest_007@3c0be339</td></tr>
<tr>
<td title='com.rwire.testCases.TC_ForgotPasswordTest.ForgotPasswordTest()'><b>ForgotPasswordTest</b><br>Test class: com.rwire.testCases.TC_ForgotPasswordTest</td>
<td></td>
<td>8</td>
<td>com.rwire.testCases.TC_ForgotPasswordTest@10d68fcd</td></tr>
<tr>
<td title='com.rwire.testCases.TC_PatentStatusTest.StatusGrantedTest()'><b>StatusGrantedTest</b><br>Test class: com.rwire.testCases.TC_PatentStatusTest</td>
<td></td>
<td>9</td>
<td>com.rwire.testCases.TC_PatentStatusTest@6ff29830</td></tr>
<tr>
<td title='com.rwire.testCases.TC_ExpertCountriesTest_11.AppCountryTest()'><b>AppCountryTest</b><br>Test class: com.rwire.testCases.TC_ExpertCountriesTest_11</td>
<td></td>
<td>9</td>
<td>com.rwire.testCases.TC_ExpertCountriesTest_11@2898ac89</td></tr>
<tr>
<td title='com.rwire.testCases.TC_ExpertPeopleO_006.ExaminerTest()'><b>ExaminerTest</b><br>Test class: com.rwire.testCases.TC_ExpertPeopleO_006</td>
<td></td>
<td>8</td>
<td>com.rwire.testCases.TC_ExpertPeopleO_006@1ebd319f</td></tr>
<tr>
<td title='com.rwire.testCases.TC_ExpertCountriesTest_11.PCTPubCountryTest()'><b>PCTPubCountryTest</b><br>Test class: com.rwire.testCases.TC_ExpertCountriesTest_11</td>
<td></td>
<td>9</td>
<td>com.rwire.testCases.TC_ExpertCountriesTest_11@2898ac89</td></tr>
<tr>
<td title='com.rwire.testCases.TC_BotanicTest.BONTest()'><b>BONTest</b><br>Test class: com.rwire.testCases.TC_BotanicTest</td>
<td></td>
<td>24</td>
<td>com.rwire.testCases.TC_BotanicTest@7b02881e</td></tr>
<tr>
<td title='com.rwire.testCases.TC_PatentTypeTest.TypePlantTest()'><b>TypePlantTest</b><br>Test class: com.rwire.testCases.TC_PatentTypeTest</td>
<td></td>
<td>9</td>
<td>com.rwire.testCases.TC_PatentTypeTest@6a2b953e</td></tr>
<tr>
<td title='com.rwire.testCases.TC_ExpertPeopleO_006.InventorTest()'><b>InventorTest</b><br>Test class: com.rwire.testCases.TC_ExpertPeopleO_006</td>
<td></td>
<td>8</td>
<td>com.rwire.testCases.TC_ExpertPeopleO_006@1ebd319f</td></tr>
<tr>
<td title='com.resultspage.testCases.TC_Sort.PublicationCtryS()'><b>PublicationCtryS</b><br>Test class: com.resultspage.testCases.TC_Sort</td>
<td></td>
<td>8</td>
<td>com.resultspage.testCases.TC_Sort@21b2e768</td></tr>
<tr>
<td title='com.rwire.testCases.TC_NoFileUploadTest.App50FileUpTest()'><b>App50FileUpTest</b><br>Test class: com.rwire.testCases.TC_NoFileUploadTest</td>
<td></td>
<td>27</td>
<td>com.rwire.testCases.TC_NoFileUploadTest@175b9425</td></tr>
<tr>
<td title='com.resultspage.testCases.TC_Sort.PriorityDateS()'><b>PriorityDateS</b><br>Test class: com.resultspage.testCases.TC_Sort</td>
<td></td>
<td>8</td>
<td>com.resultspage.testCases.TC_Sort@21b2e768</td></tr>
<tr>
<td title='com.rwire.testCases.TC_PatentPubTest.PubApplicationTest()'><b>PubApplicationTest</b><br>Test class: com.rwire.testCases.TC_PatentPubTest</td>
<td></td>
<td>24</td>
<td>com.rwire.testCases.TC_PatentPubTest@313b2ea6</td></tr>
<tr>
<td title='com.rwire.testCases.TC_ExpertOthersTest_10.PublicationKCTest()'><b>PublicationKCTest</b><br>Test class: com.rwire.testCases.TC_ExpertOthersTest_10</td>
<td></td>
<td>8</td>
<td>com.rwire.testCases.TC_ExpertOthersTest_10@6e509ffa</td></tr>
<tr>
<td title='com.resultspage.testCases.TC_Sort.InventorCountS()'><b>InventorCountS</b><br>Test class: com.resultspage.testCases.TC_Sort</td>
<td></td>
<td>8</td>
<td>com.resultspage.testCases.TC_Sort@21b2e768</td></tr>
<tr>
<td title='com.rwire.testCases.TC_ExpertClassesTest_005.ECLTest()'><b>ECLTest</b><br>Test class: com.rwire.testCases.TC_ExpertClassesTest_005</td>
<td></td>
<td>8</td>
<td>com.rwire.testCases.TC_ExpertClassesTest_005@5f8edcc5</td></tr>
<tr>
<td title='com.rwire.testCases.TC_ExpertDatesTest_009.PublicationDateTest()'><b>PublicationDateTest</b><br>Test class: com.rwire.testCases.TC_ExpertDatesTest_009</td>
<td></td>
<td>9</td>
<td>com.rwire.testCases.TC_ExpertDatesTest_009@d21a74c</td></tr>
<tr>
<td title='com.rwire.testCases.TC_ExpertNumbersTest_007.MainFamilyTest()'><b>MainFamilyTest</b><br>Test class: com.rwire.testCases.TC_ExpertNumbersTest_007</td>
<td></td>
<td>8</td>
<td>com.rwire.testCases.TC_ExpertNumbersTest_007@3c0be339</td></tr>
<tr>
<td title='com.rwire.testCases.TC_ExpertNumbersTest_007.DomesticFamilyTest()'><b>DomesticFamilyTest</b><br>Test class: com.rwire.testCases.TC_ExpertNumbersTest_007</td>
<td></td>
<td>8</td>
<td>com.rwire.testCases.TC_ExpertNumbersTest_007@3c0be339</td></tr>
<tr>
<td title='com.rwire.testCases.TC_NumberSearch_17.AppNumberSTest()'><b>AppNumberSTest</b><br>Test class: com.rwire.testCases.TC_NumberSearch_17</td>
<td></td>
<td>12</td>
<td>com.rwire.testCases.TC_NumberSearch_17@623a8092</td></tr>
<tr>
<td title='com.rwire.testCases.TC_CitationTest.BCNTest()'><b>BCNTest</b><br>Test class: com.rwire.testCases.TC_CitationTest</td>
<td></td>
<td>22</td>
<td>com.rwire.testCases.TC_CitationTest@15ca7889</td></tr>
<tr>
<td title='com.resultspage.testCases.TC_Sort.RelevancyS()'><b>RelevancyS</b><br>Test class: com.resultspage.testCases.TC_Sort</td>
<td></td>
<td>29</td>
<td>com.resultspage.testCases.TC_Sort@21b2e768</td></tr>
<tr>
<td title='com.rwire.testCases.TC_ExpertNumbersTest_007.PCTAppNoTest()'><b>PCTAppNoTest</b><br>Test class: com.rwire.testCases.TC_ExpertNumbersTest_007</td>
<td></td>
<td>8</td>
<td>com.rwire.testCases.TC_ExpertNumbersTest_007@3c0be339</td></tr>
<tr>
<td title='com.rwire.testCases.TC_ExpertDatesTest_009.ApplicationYearTest()'><b>ApplicationYearTest</b><br>Test class: com.rwire.testCases.TC_ExpertDatesTest_009</td>
<td></td>
<td>9</td>
<td>com.rwire.testCases.TC_ExpertDatesTest_009@d21a74c</td></tr>
<tr>
<td title='com.rwire.testCases.TC_ExpertClassesTest_005.CPCPTest()'><b>CPCPTest</b><br>Test class: com.rwire.testCases.TC_ExpertClassesTest_005</td>
<td></td>
<td>8</td>
<td>com.rwire.testCases.TC_ExpertClassesTest_005@5f8edcc5</td></tr>
<tr>
<td title='com.rwire.testCases.TC_ExpertDatesTest_009.PriorityYearTest()'><b>PriorityYearTest</b><br>Test class: com.rwire.testCases.TC_ExpertDatesTest_009</td>
<td></td>
<td>13</td>
<td>com.rwire.testCases.TC_ExpertDatesTest_009@d21a74c</td></tr>
</table><p>
</body>
</html>