<?xml version="1.0" encoding="UTF-8"?>
<!-- Generated by org.testng.reporters.JUnitXMLReporter -->
<testsuite ignored="0" hostname="RW-LAP-015" failures="10" tests="126" name="RwireTest" time="1833.347" errors="0" timestamp="2024-02-05T15:57:33 IST">
  <testcase classname="com.rwire.testCases.TC_LoginTest_001" name="loginTest" time="14.7"/>
  <testcase classname="com.rwire.testCases.TC_ForgotPasswordTest" name="ForgotPasswordTest" time="8.417"/>
  <testcase classname="com.rwire.testCases.TC_SmartsearchTest_002" name="SearchbarTest1" time="23.247"/>
  <testcase classname="com.rwire.testCases.TC_SmartsearchTest_002" name="SearchbarTest2" time="8.902"/>
  <testcase classname="com.rwire.testCases.TC_SmartsearchTest_002" name="SearchbarTest3" time="8.864"/>
  <testcase classname="com.rwire.testCases.TC_SmartsearchTest_002" name="SearchbarTest4" time="9.085"/>
  <testcase classname="com.rwire.testCases.TC_SmartsearchTest_002" name="SearchbarTest5" time="8.716"/>
  <testcase classname="com.rwire.testCases.TC_ExpertTextTest_004" name="TitleTest" time="22.025"/>
  <testcase classname="com.rwire.testCases.TC_ExpertTextTest_004" name="AbstractTest" time="8.625"/>
  <testcase classname="com.rwire.testCases.TC_ExpertTextTest_004" name="ClaimTest" time="8.562"/>
  <testcase classname="com.rwire.testCases.TC_ExpertTextTest_004" name="DescTest" time="9.709"/>
  <testcase classname="com.rwire.testCases.TC_ExpertTextTest_004" name="ALLTest" time="12.53"/>
  <testcase classname="com.rwire.testCases.TC_ExpertClassesTest_005" name="CPCTest" time="24.248"/>
  <testcase classname="com.rwire.testCases.TC_ExpertClassesTest_005" name="CPCPTest" time="8.57"/>
  <testcase classname="com.rwire.testCases.TC_ExpertClassesTest_005" name="ECLTest" time="8.683"/>
  <testcase classname="com.rwire.testCases.TC_ExpertClassesTest_005" name="IPCTest" time="8.91"/>
  <testcase classname="com.rwire.testCases.TC_ExpertClassesTest_005" name="JCLTest" time="8.828"/>
  <testcase classname="com.rwire.testCases.TC_ExpertClassesTest_005" name="USCTest" time="8.608"/>
  <testcase classname="com.rwire.testCases.TC_ExpertClassesTest_005" name="PCLTest" time="8.66"/>
  <testcase classname="com.rwire.testCases.TC_ExpertClassesTest_005" name="LCTest" time="8.616"/>
  <testcase classname="com.rwire.testCases.TC_BotanicTest" name="BONTest" time="24.662"/>
  <testcase classname="com.rwire.testCases.TC_BotanicTest" name="BOVTest" time="8.795"/>
  <testcase classname="com.rwire.testCases.TC_ExpertPeopleO_006" name="CAOriginalTest" time="23.117"/>
  <testcase classname="com.rwire.testCases.TC_ExpertPeopleO_006" name="CAStandardizedTest" time="10.792"/>
  <testcase classname="com.rwire.testCases.TC_ExpertPeopleO_006" name="CANormalizedTest" time="10.76"/>
  <testcase classname="com.rwire.testCases.TC_ExpertPeopleO_006" name="InventorTest" time="8.618"/>
  <testcase classname="com.rwire.testCases.TC_ExpertPeopleO_006" name="ExaminerTest" time="8.563"/>
  <testcase classname="com.rwire.testCases.TC_ExpertPeopleO_006" name="AttorneyAgentTest" time="8.827"/>
  <testcase classname="com.rwire.testCases.TC_ExpertPeopleO_006" name="AAPOriginalTest" time="8.72"/>
  <testcase classname="com.rwire.testCases.TC_ExpertPeopleO_006" name="AAPStandardizedTest" time="8.757"/>
  <testcase classname="com.rwire.testCases.TC_ExpertPeopleO_006" name="AAPNormalizedTest" time="8.663"/>
  <testcase classname="com.rwire.testCases.TC_ExpertPeopleO_006" name="CorrespondentTest" time="9.059"/>
  <testcase classname="com.rwire.testCases.TC_ExpertPeopleO_006" name="AssigneeAppTest" time="8.711"/>
  <testcase classname="com.rwire.testCases.TC_ExpertNumbersTest_007" name="PublicationNoTest" time="22.012"/>
  <testcase classname="com.rwire.testCases.TC_ExpertNumbersTest_007" name="ApplicationNoTest" time="8.712"/>
  <testcase classname="com.rwire.testCases.TC_ExpertNumbersTest_007" name="PriorityNoTest" time="8.9"/>
  <testcase classname="com.rwire.testCases.TC_ExpertNumbersTest_007" name="PCTAppNoTest" time="8.731"/>
  <testcase classname="com.rwire.testCases.TC_ExpertNumbersTest_007" name="PCTPubNoTest" time="8.744"/>
  <testcase classname="com.rwire.testCases.TC_ExpertNumbersTest_007" name="ProvisionalAppNoTest" time="8.666">
    <failure type="java.lang.AssertionError" message="expected [true] but found [false]">
      <![CDATA[java.lang.AssertionError: expected [true] but found [false]
at com.rwire.testCases.TC_ExpertNumbersTest_007.ProvisionalAppNoTest(TC_ExpertNumbersTest_007.java:244)
at java.base/java.util.ArrayList.forEach(ArrayList.java:1511)
... Removed 31 stack frames]]>
    </failure>
  </testcase> <!-- ProvisionalAppNoTest -->
  <testcase classname="com.rwire.testCases.TC_ExpertNumbersTest_007" name="CompleteFamilyTest" time="8.987"/>
  <testcase classname="com.rwire.testCases.TC_ExpertNumbersTest_007" name="DomesticFamilyTest" time="8.949"/>
  <testcase classname="com.rwire.testCases.TC_ExpertNumbersTest_007" name="ExtendedFamilyTest" time="8.755"/>
  <testcase classname="com.rwire.testCases.TC_ExpertNumbersTest_007" name="MainFamilyTest" time="8.786"/>
  <testcase classname="com.rwire.testCases.TC_ExpertNumbersTest_007" name="SimpleFamilyTest" time="9.0"/>
  <testcase classname="com.rwire.testCases.TC_CitationTest" name="BCNTest" time="22.271"/>
  <testcase classname="com.rwire.testCases.TC_CitationTest" name="BCPTest" time="9.049"/>
  <testcase classname="com.rwire.testCases.TC_CitationTest" name="FCPTest" time="9.101"/>
  <testcase classname="com.rwire.testCases.TC_ExpertAddressTest_008" name="ApplicantAddTest" time="23.073"/>
  <testcase classname="com.rwire.testCases.TC_ExpertAddressTest_008" name="AssigneeAddTest" time="8.479"/>
  <testcase classname="com.rwire.testCases.TC_ExpertAddressTest_008" name="AssigneeCountryTest" time="8.453"/>
  <testcase classname="com.rwire.testCases.TC_ExpertAddressTest_008" name="AttorneyagentAddTest" time="9.833"/>
  <testcase classname="com.rwire.testCases.TC_ExpertAddressTest_008" name="CorrespondentAddTest" time="9.242">
    <failure type="java.lang.AssertionError" message="expected [true] but found [false]">
      <![CDATA[java.lang.AssertionError: expected [true] but found [false]
at com.rwire.testCases.TC_ExpertAddressTest_008.CorrespondentAddTest(TC_ExpertAddressTest_008.java:205)
at java.base/java.util.ArrayList.forEach(ArrayList.java:1511)
... Removed 31 stack frames]]>
    </failure>
  </testcase> <!-- CorrespondentAddTest -->
  <testcase classname="com.rwire.testCases.TC_ExpertAddressTest_008" name="CurrentAssigneeAddTest" time="8.954"/>
  <testcase classname="com.rwire.testCases.TC_ExpertAddressTest_008" name="InventorAddTest" time="9.182"/>
  <testcase classname="com.rwire.testCases.TC_ExpertDatesTest_009" name="ApplicationDateTest" time="23.19"/>
  <testcase classname="com.rwire.testCases.TC_ExpertDatesTest_009" name="ApplicationYearTest" time="9.662"/>
  <testcase classname="com.rwire.testCases.TC_ExpertDatesTest_009" name="PCTAppDateTest" time="8.744"/>
  <testcase classname="com.rwire.testCases.TC_ExpertDatesTest_009" name="PCTPubDateTest" time="8.515"/>
  <testcase classname="com.rwire.testCases.TC_ExpertDatesTest_009" name="PriorityDateTest" time="8.508"/>
  <testcase classname="com.rwire.testCases.TC_ExpertDatesTest_009" name="PriorityYearTest" time="13.518"/>
  <testcase classname="com.rwire.testCases.TC_ExpertDatesTest_009" name="PublicationDateTest" time="9.744"/>
  <testcase classname="com.rwire.testCases.TC_ExpertDatesTest_009" name="PublicationYearTest" time="8.619"/>
  <testcase classname="com.rwire.testCases.TC_ExpertDatesTest_009" name="ExpiryDateTest" time="8.739"/>
  <testcase classname="com.rwire.testCases.TC_ExpertOthersTest_10" name="AssigneeCountTest" time="20.806"/>
  <testcase classname="com.rwire.testCases.TC_ExpertOthersTest_10" name="PublicationKCTest" time="8.638"/>
  <testcase classname="com.rwire.testCases.TC_ExpertOthersTest_10" name="PublicationLangTest" time="8.453"/>
  <testcase classname="com.rwire.testCases.TC_ExpertOthersTest_10" name="RelationalDocTest" time="8.677">
    <failure type="java.lang.AssertionError" message="expected [true] but found [false]">
      <![CDATA[java.lang.AssertionError: expected [true] but found [false]
at com.rwire.testCases.TC_ExpertOthersTest_10.RelationalDocTest(TC_ExpertOthersTest_10.java:165)
at java.base/java.util.ArrayList.forEach(ArrayList.java:1511)
... Removed 31 stack frames]]>
    </failure>
  </testcase> <!-- RelationalDocTest -->
  <testcase classname="com.rwire.testCases.TC_ExpertCountriesTest_11" name="PubCountryTest" time="27.467"/>
  <testcase classname="com.rwire.testCases.TC_ExpertCountriesTest_11" name="AppCountryTest" time="9.498"/>
  <testcase classname="com.rwire.testCases.TC_ExpertCountriesTest_11" name="PriorityCountryTest" time="9.45"/>
  <testcase classname="com.rwire.testCases.TC_ExpertCountriesTest_11" name="PCTPubCountryTest" time="9.458"/>
  <testcase classname="com.rwire.testCases.TC_DesignatedStatesEPTest" name="DesignatedAllStatesEP" time="21.006"/>
  <testcase classname="com.rwire.testCases.TC_DesignatedStatesEPTest" name="ContractingStatesEP" time="9.621"/>
  <testcase classname="com.rwire.testCases.TC_DesignatedStatesEPTest" name="ExtensionStatesEP" time="9.557"/>
  <testcase classname="com.rwire.testCases.TC_DesignatedStatesEPTest" name="ValidationStatesEP" time="9.514"/>
  <testcase classname="com.rwire.testCases.TC_DesignatedStatesEPTest" name="UPparticipatingStatesEP" time="9.654">
    <failure type="java.lang.AssertionError" message="expected [true] but found [false]">
      <![CDATA[java.lang.AssertionError: expected [true] but found [false]
at com.rwire.testCases.TC_DesignatedStatesEPTest.UPparticipatingStatesEP(TC_DesignatedStatesEPTest.java:204)
at java.base/java.util.ArrayList.forEach(ArrayList.java:1511)
... Removed 31 stack frames]]>
    </failure>
  </testcase> <!-- UPparticipatingStatesEP -->
  <testcase classname="com.rwire.testCases.TC_DesignatedStatesPCT" name="DesAllStatesPCT" time="20.901"/>
  <testcase classname="com.rwire.testCases.TC_DesignatedStatesPCT" name="RegionalCountryPCT" time="9.68"/>
  <testcase classname="com.rwire.testCases.TC_DesignatedStatesPCT" name="RegionalAnyOtherSPCT" time="9.666">
    <failure type="java.lang.AssertionError" message="expected [true] but found [false]">
      <![CDATA[java.lang.AssertionError: expected [true] but found [false]
at com.rwire.testCases.TC_DesignatedStatesPCT.RegionalAnyOtherSPCT(TC_DesignatedStatesPCT.java:128)
at java.base/java.util.ArrayList.forEach(ArrayList.java:1511)
... Removed 31 stack frames]]>
    </failure>
  </testcase> <!-- RegionalAnyOtherSPCT -->
  <testcase classname="com.rwire.testCases.TC_DesignatedStatesPCT" name="RegionalRCountryPCT" time="9.628"/>
  <testcase classname="com.rwire.testCases.TC_DesignatedStatesPCT" name="PCTNational" time="9.574"/>
  <testcase classname="com.rwire.testCases.TC_DesignatedStatesPCT" name="NewDesCountryPCT" time="9.704">
    <failure type="java.lang.AssertionError" message="expected [true] but found [false]">
      <![CDATA[java.lang.AssertionError: expected [true] but found [false]
at com.rwire.testCases.TC_DesignatedStatesPCT.NewDesCountryPCT(TC_DesignatedStatesPCT.java:245)
at java.base/java.util.ArrayList.forEach(ArrayList.java:1511)
... Removed 31 stack frames]]>
    </failure>
  </testcase> <!-- NewDesCountryPCT -->
  <testcase classname="com.rwire.testCases.TC_PatentStateTest_12" name="StateAliveTest" time="23.935"/>
  <testcase classname="com.rwire.testCases.TC_PatentStateTest_12" name="StateDeadTest" time="9.446"/>
  <testcase classname="com.rwire.testCases.TC_PatentStatusTest" name="StatusFiledTest" time="23.897"/>
  <testcase classname="com.rwire.testCases.TC_PatentStatusTest" name="StatusCeasedTest" time="9.492"/>
  <testcase classname="com.rwire.testCases.TC_PatentStatusTest" name="StatusGrantedTest" time="9.553"/>
  <testcase classname="com.rwire.testCases.TC_PatentTypeTest" name="TypeUtilityTest" time="23.943"/>
  <testcase classname="com.rwire.testCases.TC_PatentTypeTest" name="TypeDesignTest" time="9.494"/>
  <testcase classname="com.rwire.testCases.TC_PatentTypeTest" name="TypePlantTest" time="9.482"/>
  <testcase classname="com.rwire.testCases.TC_PatentPubTest" name="PubApplicationTest" time="24.152"/>
  <testcase classname="com.rwire.testCases.TC_PatentPubTest" name="PubGrantTest" time="9.498"/>
  <testcase classname="com.rwire.testCases.TC_FieldedTest_14" name="FieldedTest2" time="43.212"/>
  <testcase classname="com.rwire.testCases.TC_FieldedTest_15" name="FieldedTest3" time="40.007"/>
  <testcase classname="com.rwire.testCases.TC_NumberSearch_17" name="PubNumberSTest" time="27.19"/>
  <testcase classname="com.rwire.testCases.TC_NumberSearch_17" name="AppNumberSTest" time="12.789"/>
  <testcase classname="com.rwire.testCases.TC_NumberSearch_17" name="PRNNumberSTest" time="10.982"/>
  <testcase classname="com.rwire.testCases.TC_NumberSearch_18" name="PubnoAllcheckTest" time="30.507"/>
  <testcase classname="com.rwire.testCases.TC_NumberSearch_18" name="AppnoAllcheckTest" time="10.713"/>
  <testcase classname="com.rwire.testCases.TC_NumberSearch_18" name="PRNnoAllcheckTest" time="10.699"/>
  <testcase classname="com.rwire.testCases.TC_NoFileUploadTest" name="Pub50FileUpTest" time="36.751"/>
  <testcase classname="com.rwire.testCases.TC_NoFileUploadTest" name="App50FileUpTest" time="27.565"/>
  <testcase classname="com.rwire.testCases.TC_NoFileUploadTest" name="Prn50FileUpTest" time="27.491"/>
  <testcase classname="com.rwire.testCases.TC_NoTextFileUploadTest" name="Pub50TxtFileUpTest" time="37.621"/>
  <testcase classname="com.rwire.testCases.TC_NoTextFileUploadTest" name="App50TxtFileUpTest" time="27.519"/>
  <testcase classname="com.rwire.testCases.TC_NoTextFileUploadTest" name="Prn50TxtFileUpTest" time="27.467"/>
  <testcase classname="com.rwire.testCases.TC_PatentViewTest" name="PatentViewTest" time="43.362"/>
  <testcase classname="com.resultspage.testCases.TC_TableTest" name="AddColumnsTest1" time="27.086">
    <failure type="org.openqa.selenium.NoSuchElementException" message="no such element: Unable to locate element: {&amp;quot;method&amp;quot;:&amp;quot;xpath&amp;quot;,&amp;quot;selector&amp;quot;:&amp;quot;//input[@data-value=&amp;apos;Expiry Date&amp;apos;]&amp;quot;}
  (Session info: chrome=121.0.6167.140)
For documentation on this error, please visit: https://selenium.dev/exceptions/#no_such_element
Build info: version: &amp;apos;4.8.3&amp;apos;, revision: &amp;apos;e5e76298c3&amp;apos;
System info: os.name: &amp;apos;Windows 11&amp;apos;, os.arch: &amp;apos;amd64&amp;apos;, os.version: &amp;apos;10.0&amp;apos;, java.version: &amp;apos;17.0.4.1&amp;apos;
Driver info: org.openqa.selenium.chrome.ChromeDriver
Command: [527492af790a23d544a1d21394f6229e, findElement {using=xpath, value=//input[@data-value=&amp;apos;Expiry Date&amp;apos;]}]
Capabilities {acceptInsecureCerts: false, browserName: chrome, browserVersion: 121.0.6167.140, chrome: {chromedriverVersion: 121.0.6167.85 (3f98d690ad7e..., userDataDir: C:\Users\MAHESH~1\AppData\L...}, fedcm:accounts: true, goog:chromeOptions: {debuggerAddress: localhost:62909}, networkConnectionEnabled: false, pageLoadStrategy: normal, platformName: WINDOWS, proxy: Proxy(), se:cdp: ws://localhost:62909/devtoo..., se:cdpVersion: 121.0.6167.140, setWindowRect: true, strictFileInteractability: false, timeouts: {implicit: 0, pageLoad: 300000, script: 30000}, unhandledPromptBehavior: dismiss and notify, webauthn:extension:credBlob: true, webauthn:extension:largeBlob: true, webauthn:extension:minPinLength: true, webauthn:extension:prf: true, webauthn:virtualAuthenticators: true}
Session ID: 527492af790a23d544a1d21394f6229e">
      <![CDATA[org.openqa.selenium.NoSuchElementException: no such element: Unable to locate element: {"method":"xpath","selector":"//input[@data-value='Expiry Date']"}
  (Session info: chrome=121.0.6167.140)
For documentation on this error, please visit: https://selenium.dev/exceptions/#no_such_element
Build info: version: '4.8.3', revision: 'e5e76298c3'
System info: os.name: 'Windows 11', os.arch: 'amd64', os.version: '10.0', java.version: '17.0.4.1'
Driver info: org.openqa.selenium.chrome.ChromeDriver
Command: [527492af790a23d544a1d21394f6229e, findElement {using=xpath, value=//input[@data-value='Expiry Date']}]
Capabilities {acceptInsecureCerts: false, browserName: chrome, browserVersion: 121.0.6167.140, chrome: {chromedriverVersion: 121.0.6167.85 (3f98d690ad7e..., userDataDir: C:\Users\MAHESH~1\AppData\L...}, fedcm:accounts: true, goog:chromeOptions: {debuggerAddress: localhost:62909}, networkConnectionEnabled: false, pageLoadStrategy: normal, platformName: WINDOWS, proxy: Proxy(), se:cdp: ws://localhost:62909/devtoo..., se:cdpVersion: 121.0.6167.140, setWindowRect: true, strictFileInteractability: false, timeouts: {implicit: 0, pageLoad: 300000, script: 30000}, unhandledPromptBehavior: dismiss and notify, webauthn:extension:credBlob: true, webauthn:extension:largeBlob: true, webauthn:extension:minPinLength: true, webauthn:extension:prf: true, webauthn:virtualAuthenticators: true}
Session ID: 527492af790a23d544a1d21394f6229e
at org.openqa.selenium.remote.codec.w3c.W3CHttpResponseCodec.createException(W3CHttpResponseCodec.java:200)
at org.openqa.selenium.remote.codec.w3c.W3CHttpResponseCodec.decode(W3CHttpResponseCodec.java:133)
at org.openqa.selenium.remote.codec.w3c.W3CHttpResponseCodec.decode(W3CHttpResponseCodec.java:53)
at org.openqa.selenium.remote.HttpCommandExecutor.execute(HttpCommandExecutor.java:193)
at org.openqa.selenium.remote.service.DriverCommandExecutor.invokeExecute(DriverCommandExecutor.java:183)
at org.openqa.selenium.remote.service.DriverCommandExecutor.execute(DriverCommandExecutor.java:158)
at org.openqa.selenium.remote.RemoteWebDriver.execute(RemoteWebDriver.java:543)
at org.openqa.selenium.remote.ElementLocation$ElementFinder$2.findElement(ElementLocation.java:162)
at org.openqa.selenium.remote.ElementLocation.findElement(ElementLocation.java:60)
at org.openqa.selenium.remote.RemoteWebDriver.findElement(RemoteWebDriver.java:352)
at org.openqa.selenium.remote.RemoteWebDriver.findElement(RemoteWebDriver.java:344)
at com.resultspage.testCases.TC_TableTest.AddColumnsTest1(TC_TableTest.java:47)
at java.base/java.util.ArrayList.forEach(ArrayList.java:1511)
... Removed 32 stack frames]]>
    </failure>
  </testcase> <!-- AddColumnsTest1 -->
  <testcase classname="com.resultspage.testCases.TC_TableTest" name="AddColumnsTest2" time="13.437">
    <failure type="org.openqa.selenium.StaleElementReferenceException" message="stale element reference: stale element not found
  (Session info: chrome=121.0.6167.140)
For documentation on this error, please visit: https://selenium.dev/exceptions/#stale_element_reference
Build info: version: &amp;apos;4.8.3&amp;apos;, revision: &amp;apos;e5e76298c3&amp;apos;
System info: os.name: &amp;apos;Windows 11&amp;apos;, os.arch: &amp;apos;amd64&amp;apos;, os.version: &amp;apos;10.0&amp;apos;, java.version: &amp;apos;17.0.4.1&amp;apos;
Driver info: org.openqa.selenium.chrome.ChromeDriver
Command: [527492af790a23d544a1d21394f6229e, clickElement {id=9E1ECD2CC1E9FD7C5C78ABAF3291389B_element_787}]
Capabilities {acceptInsecureCerts: false, browserName: chrome, browserVersion: 121.0.6167.140, chrome: {chromedriverVersion: 121.0.6167.85 (3f98d690ad7e..., userDataDir: C:\Users\MAHESH~1\AppData\L...}, fedcm:accounts: true, goog:chromeOptions: {debuggerAddress: localhost:62909}, networkConnectionEnabled: false, pageLoadStrategy: normal, platformName: WINDOWS, proxy: Proxy(), se:cdp: ws://localhost:62909/devtoo..., se:cdpVersion: 121.0.6167.140, setWindowRect: true, strictFileInteractability: false, timeouts: {implicit: 0, pageLoad: 300000, script: 30000}, unhandledPromptBehavior: dismiss and notify, webauthn:extension:credBlob: true, webauthn:extension:largeBlob: true, webauthn:extension:minPinLength: true, webauthn:extension:prf: true, webauthn:virtualAuthenticators: true}
Element: [[ChromeDriver: chrome on WINDOWS (527492af790a23d544a1d21394f6229e)] -&amp;gt; xpath: //input[@data-value=&amp;apos;cpc&amp;apos;]]
Session ID: 527492af790a23d544a1d21394f6229e">
      <![CDATA[org.openqa.selenium.StaleElementReferenceException: stale element reference: stale element not found
  (Session info: chrome=121.0.6167.140)
For documentation on this error, please visit: https://selenium.dev/exceptions/#stale_element_reference
Build info: version: '4.8.3', revision: 'e5e76298c3'
System info: os.name: 'Windows 11', os.arch: 'amd64', os.version: '10.0', java.version: '17.0.4.1'
Driver info: org.openqa.selenium.chrome.ChromeDriver
Command: [527492af790a23d544a1d21394f6229e, clickElement {id=9E1ECD2CC1E9FD7C5C78ABAF3291389B_element_787}]
Capabilities {acceptInsecureCerts: false, browserName: chrome, browserVersion: 121.0.6167.140, chrome: {chromedriverVersion: 121.0.6167.85 (3f98d690ad7e..., userDataDir: C:\Users\MAHESH~1\AppData\L...}, fedcm:accounts: true, goog:chromeOptions: {debuggerAddress: localhost:62909}, networkConnectionEnabled: false, pageLoadStrategy: normal, platformName: WINDOWS, proxy: Proxy(), se:cdp: ws://localhost:62909/devtoo..., se:cdpVersion: 121.0.6167.140, setWindowRect: true, strictFileInteractability: false, timeouts: {implicit: 0, pageLoad: 300000, script: 30000}, unhandledPromptBehavior: dismiss and notify, webauthn:extension:credBlob: true, webauthn:extension:largeBlob: true, webauthn:extension:minPinLength: true, webauthn:extension:prf: true, webauthn:virtualAuthenticators: true}
Element: [[ChromeDriver: chrome on WINDOWS (527492af790a23d544a1d21394f6229e)] -> xpath: //input[@data-value='cpc']]
Session ID: 527492af790a23d544a1d21394f6229e
at org.openqa.selenium.remote.codec.w3c.W3CHttpResponseCodec.createException(W3CHttpResponseCodec.java:200)
at org.openqa.selenium.remote.codec.w3c.W3CHttpResponseCodec.decode(W3CHttpResponseCodec.java:133)
at org.openqa.selenium.remote.codec.w3c.W3CHttpResponseCodec.decode(W3CHttpResponseCodec.java:53)
at org.openqa.selenium.remote.HttpCommandExecutor.execute(HttpCommandExecutor.java:193)
at org.openqa.selenium.remote.service.DriverCommandExecutor.invokeExecute(DriverCommandExecutor.java:183)
at org.openqa.selenium.remote.service.DriverCommandExecutor.execute(DriverCommandExecutor.java:158)
at org.openqa.selenium.remote.RemoteWebDriver.execute(RemoteWebDriver.java:543)
at org.openqa.selenium.remote.RemoteWebElement.execute(RemoteWebElement.java:257)
at org.openqa.selenium.remote.RemoteWebElement.click(RemoteWebElement.java:78)
at com.resultspage.testCases.TC_TableTest.AddColumnsTest2(TC_TableTest.java:92)
at java.base/java.util.ArrayList.forEach(ArrayList.java:1511)
... Removed 32 stack frames]]>
    </failure>
  </testcase> <!-- AddColumnsTest2 -->
  <testcase classname="com.resultspage.testCases.TC_TableTest" name="RemColumnsTest1" time="4.486">
    <failure type="org.openqa.selenium.ElementNotInteractableException" message="element not interactable
  (Session info: chrome=121.0.6167.140)
Build info: version: &amp;apos;4.8.3&amp;apos;, revision: &amp;apos;e5e76298c3&amp;apos;
System info: os.name: &amp;apos;Windows 11&amp;apos;, os.arch: &amp;apos;amd64&amp;apos;, os.version: &amp;apos;10.0&amp;apos;, java.version: &amp;apos;17.0.4.1&amp;apos;
Driver info: org.openqa.selenium.chrome.ChromeDriver
Command: [527492af790a23d544a1d21394f6229e, clickElement {id=9E1ECD2CC1E9FD7C5C78ABAF3291389B_element_825}]
Capabilities {acceptInsecureCerts: false, browserName: chrome, browserVersion: 121.0.6167.140, chrome: {chromedriverVersion: 121.0.6167.85 (3f98d690ad7e..., userDataDir: C:\Users\MAHESH~1\AppData\L...}, fedcm:accounts: true, goog:chromeOptions: {debuggerAddress: localhost:62909}, networkConnectionEnabled: false, pageLoadStrategy: normal, platformName: WINDOWS, proxy: Proxy(), se:cdp: ws://localhost:62909/devtoo..., se:cdpVersion: 121.0.6167.140, setWindowRect: true, strictFileInteractability: false, timeouts: {implicit: 0, pageLoad: 300000, script: 30000}, unhandledPromptBehavior: dismiss and notify, webauthn:extension:credBlob: true, webauthn:extension:largeBlob: true, webauthn:extension:minPinLength: true, webauthn:extension:prf: true, webauthn:virtualAuthenticators: true}
Element: [[ChromeDriver: chrome on WINDOWS (527492af790a23d544a1d21394f6229e)] -&amp;gt; xpath: //input[@data-value=&amp;apos;normalized_assignee&amp;apos;]]
Session ID: 527492af790a23d544a1d21394f6229e">
      <![CDATA[org.openqa.selenium.ElementNotInteractableException: element not interactable
  (Session info: chrome=121.0.6167.140)
Build info: version: '4.8.3', revision: 'e5e76298c3'
System info: os.name: 'Windows 11', os.arch: 'amd64', os.version: '10.0', java.version: '17.0.4.1'
Driver info: org.openqa.selenium.chrome.ChromeDriver
Command: [527492af790a23d544a1d21394f6229e, clickElement {id=9E1ECD2CC1E9FD7C5C78ABAF3291389B_element_825}]
Capabilities {acceptInsecureCerts: false, browserName: chrome, browserVersion: 121.0.6167.140, chrome: {chromedriverVersion: 121.0.6167.85 (3f98d690ad7e..., userDataDir: C:\Users\MAHESH~1\AppData\L...}, fedcm:accounts: true, goog:chromeOptions: {debuggerAddress: localhost:62909}, networkConnectionEnabled: false, pageLoadStrategy: normal, platformName: WINDOWS, proxy: Proxy(), se:cdp: ws://localhost:62909/devtoo..., se:cdpVersion: 121.0.6167.140, setWindowRect: true, strictFileInteractability: false, timeouts: {implicit: 0, pageLoad: 300000, script: 30000}, unhandledPromptBehavior: dismiss and notify, webauthn:extension:credBlob: true, webauthn:extension:largeBlob: true, webauthn:extension:minPinLength: true, webauthn:extension:prf: true, webauthn:virtualAuthenticators: true}
Element: [[ChromeDriver: chrome on WINDOWS (527492af790a23d544a1d21394f6229e)] -> xpath: //input[@data-value='normalized_assignee']]
Session ID: 527492af790a23d544a1d21394f6229e
at org.openqa.selenium.remote.codec.w3c.W3CHttpResponseCodec.createException(W3CHttpResponseCodec.java:200)
at org.openqa.selenium.remote.codec.w3c.W3CHttpResponseCodec.decode(W3CHttpResponseCodec.java:133)
at org.openqa.selenium.remote.codec.w3c.W3CHttpResponseCodec.decode(W3CHttpResponseCodec.java:53)
at org.openqa.selenium.remote.HttpCommandExecutor.execute(HttpCommandExecutor.java:193)
at org.openqa.selenium.remote.service.DriverCommandExecutor.invokeExecute(DriverCommandExecutor.java:183)
at org.openqa.selenium.remote.service.DriverCommandExecutor.execute(DriverCommandExecutor.java:158)
at org.openqa.selenium.remote.RemoteWebDriver.execute(RemoteWebDriver.java:543)
at org.openqa.selenium.remote.RemoteWebElement.execute(RemoteWebElement.java:257)
at org.openqa.selenium.remote.RemoteWebElement.click(RemoteWebElement.java:78)
at com.resultspage.testCases.TC_TableTest.RemColumnsTest1(TC_TableTest.java:157)
at java.base/java.util.ArrayList.forEach(ArrayList.java:1511)
... Removed 32 stack frames]]>
    </failure>
  </testcase> <!-- RemColumnsTest1 -->
  <testcase classname="com.resultspage.testCases.TC_TableTest" name="RemColumnsTest2" time="2.037">
    <failure type="org.openqa.selenium.ElementNotInteractableException" message="element not interactable
  (Session info: chrome=121.0.6167.140)
Build info: version: &amp;apos;4.8.3&amp;apos;, revision: &amp;apos;e5e76298c3&amp;apos;
System info: os.name: &amp;apos;Windows 11&amp;apos;, os.arch: &amp;apos;amd64&amp;apos;, os.version: &amp;apos;10.0&amp;apos;, java.version: &amp;apos;17.0.4.1&amp;apos;
Driver info: org.openqa.selenium.chrome.ChromeDriver
Command: [527492af790a23d544a1d21394f6229e, clickElement {id=9E1ECD2CC1E9FD7C5C78ABAF3291389B_element_847}]
Capabilities {acceptInsecureCerts: false, browserName: chrome, browserVersion: 121.0.6167.140, chrome: {chromedriverVersion: 121.0.6167.85 (3f98d690ad7e..., userDataDir: C:\Users\MAHESH~1\AppData\L...}, fedcm:accounts: true, goog:chromeOptions: {debuggerAddress: localhost:62909}, networkConnectionEnabled: false, pageLoadStrategy: normal, platformName: WINDOWS, proxy: Proxy(), se:cdp: ws://localhost:62909/devtoo..., se:cdpVersion: 121.0.6167.140, setWindowRect: true, strictFileInteractability: false, timeouts: {implicit: 0, pageLoad: 300000, script: 30000}, unhandledPromptBehavior: dismiss and notify, webauthn:extension:credBlob: true, webauthn:extension:largeBlob: true, webauthn:extension:minPinLength: true, webauthn:extension:prf: true, webauthn:virtualAuthenticators: true}
Element: [[ChromeDriver: chrome on WINDOWS (527492af790a23d544a1d21394f6229e)] -&amp;gt; xpath: //input[@data-value=&amp;apos;Claims&amp;apos;]]
Session ID: 527492af790a23d544a1d21394f6229e">
      <![CDATA[org.openqa.selenium.ElementNotInteractableException: element not interactable
  (Session info: chrome=121.0.6167.140)
Build info: version: '4.8.3', revision: 'e5e76298c3'
System info: os.name: 'Windows 11', os.arch: 'amd64', os.version: '10.0', java.version: '17.0.4.1'
Driver info: org.openqa.selenium.chrome.ChromeDriver
Command: [527492af790a23d544a1d21394f6229e, clickElement {id=9E1ECD2CC1E9FD7C5C78ABAF3291389B_element_847}]
Capabilities {acceptInsecureCerts: false, browserName: chrome, browserVersion: 121.0.6167.140, chrome: {chromedriverVersion: 121.0.6167.85 (3f98d690ad7e..., userDataDir: C:\Users\MAHESH~1\AppData\L...}, fedcm:accounts: true, goog:chromeOptions: {debuggerAddress: localhost:62909}, networkConnectionEnabled: false, pageLoadStrategy: normal, platformName: WINDOWS, proxy: Proxy(), se:cdp: ws://localhost:62909/devtoo..., se:cdpVersion: 121.0.6167.140, setWindowRect: true, strictFileInteractability: false, timeouts: {implicit: 0, pageLoad: 300000, script: 30000}, unhandledPromptBehavior: dismiss and notify, webauthn:extension:credBlob: true, webauthn:extension:largeBlob: true, webauthn:extension:minPinLength: true, webauthn:extension:prf: true, webauthn:virtualAuthenticators: true}
Element: [[ChromeDriver: chrome on WINDOWS (527492af790a23d544a1d21394f6229e)] -> xpath: //input[@data-value='Claims']]
Session ID: 527492af790a23d544a1d21394f6229e
at org.openqa.selenium.remote.codec.w3c.W3CHttpResponseCodec.createException(W3CHttpResponseCodec.java:200)
at org.openqa.selenium.remote.codec.w3c.W3CHttpResponseCodec.decode(W3CHttpResponseCodec.java:133)
at org.openqa.selenium.remote.codec.w3c.W3CHttpResponseCodec.decode(W3CHttpResponseCodec.java:53)
at org.openqa.selenium.remote.HttpCommandExecutor.execute(HttpCommandExecutor.java:193)
at org.openqa.selenium.remote.service.DriverCommandExecutor.invokeExecute(DriverCommandExecutor.java:183)
at org.openqa.selenium.remote.service.DriverCommandExecutor.execute(DriverCommandExecutor.java:158)
at org.openqa.selenium.remote.RemoteWebDriver.execute(RemoteWebDriver.java:543)
at org.openqa.selenium.remote.RemoteWebElement.execute(RemoteWebElement.java:257)
at org.openqa.selenium.remote.RemoteWebElement.click(RemoteWebElement.java:78)
at com.resultspage.testCases.TC_TableTest.RemColumnsTest2(TC_TableTest.java:212)
at java.base/java.util.ArrayList.forEach(ArrayList.java:1511)
... Removed 32 stack frames]]>
    </failure>
  </testcase> <!-- RemColumnsTest2 -->
  <testcase classname="com.resultspage.testCases.TC_Sort" name="RelevancyS" time="29.99"/>
  <testcase classname="com.resultspage.testCases.TC_Sort" name="PublicationCtryS" time="8.464"/>
  <testcase classname="com.resultspage.testCases.TC_Sort" name="ApplicationCtryS" time="8.42"/>
  <testcase classname="com.resultspage.testCases.TC_Sort" name="ApplicationDateS" time="8.424"/>
  <testcase classname="com.resultspage.testCases.TC_Sort" name="AssigneeCtryS" time="8.395"/>
  <testcase classname="com.resultspage.testCases.TC_Sort" name="AssigneeCountS" time="8.391"/>
  <testcase classname="com.resultspage.testCases.TC_Sort" name="ApplicantCountS" time="8.416"/>
  <testcase classname="com.resultspage.testCases.TC_Sort" name="InventorCountS" time="8.407"/>
  <testcase classname="com.resultspage.testCases.TC_Sort" name="PriorityCtryS" time="8.414"/>
  <testcase classname="com.resultspage.testCases.TC_Sort" name="PriorityDateS" time="8.376"/>
  <testcase classname="com.resultspage.testCases.TC_Sort" name="EPriorityDateS" time="8.44"/>
  <testcase classname="com.resultspage.testCases.TC_Sort" name="PublicationDateS" time="9.417"/>
  <testcase classname="com.resultspage.testCases.TC_Sort" name="PublicationKindCodeS" time="8.401"/>
  <testcase classname="com.resultspage.testCases.TC_QuickTest" name="QuickMTest" time="29.328"/>
  <testcase classname="com.resultspage.testCases.TC_QuickTest" name="QuickFiltersTest" time="11.934"/>
</testsuite> <!-- RwireTest -->
